#! /c/Source/iverilog-install/bin/vvp
:ivl_version "12.0 (devel)" "(s20150603-1539-g2693dd32b)";
:ivl_delay_selection "TYPICAL";
:vpi_time_precision - 12;
:vpi_module "C:\iverilog\lib\ivl\system.vpi";
:vpi_module "C:\iverilog\lib\ivl\vhdl_sys.vpi";
:vpi_module "C:\iverilog\lib\ivl\vhdl_textio.vpi";
:vpi_module "C:\iverilog\lib\ivl\v2005_math.vpi";
:vpi_module "C:\iverilog\lib\ivl\va_math.vpi";
:vpi_module "C:\iverilog\lib\ivl\v2009.vpi";
S_000001ab8583d0f0 .scope package, "$unit" "$unit" 2 1;
 .timescale 0 0;
S_000001ab85852af0 .scope module, "tb_Top" "tb_Top" 3 3;
 .timescale -9 -12;
v000001ab858a9c20_0 .var "clk", 0 0;
v000001ab858a9fe0_0 .net "func_done", 0 0, v000001ab858a9e00_0;  1 drivers
v000001ab858a9360_0 .net "overflow", 0 0, v000001ab858a99a0_0;  1 drivers
v000001ab858a9ea0_0 .var "rst_n", 0 0;
v000001ab858a92c0_0 .var "start_func", 0 0;
v000001ab858a9f40_0 .var/s "x_input", 31 0;
v000001ab858a9220_0 .var/s "x_input_buffer", 31 0;
v000001ab858a9720_0 .net "y_output", 63 0, v000001ab858a9b80_0;  1 drivers
S_000001ab85852c80 .scope begin, "$unm_blk_15" "$unm_blk_15" 3 33, 3 33 0, S_000001ab85852af0;
 .timescale -9 -12;
v000001ab857f6890_0 .var/i "i", 31 0;
E_000001ab8583a0b0 .event anyedge, v000001ab858a9e00_0;
S_000001ab857f60a0 .scope module, "uut" "Top" 3 16, 4 1 0, S_000001ab85852af0;
 .timescale 0 0;
    .port_info 0 /INPUT 1 "clk";
    .port_info 1 /INPUT 1 "rst_n";
    .port_info 2 /INPUT 1 "start_func";
    .port_info 3 /INPUT 32 "x_in";
    .port_info 4 /OUTPUT 64 "y_out";
    .port_info 5 /OUTPUT 1 "func_done";
    .port_info 6 /OUTPUT 1 "overflow";
P_000001ab85836c20 .param/l "MINUS_ONE" 1 4 17, C4<1111111111111111111111111111111111111111111111111111111100000000>;
P_000001ab85836c58 .param/l "STATE_COMPUTE" 1 4 15, C4<10>;
P_000001ab85836c90 .param/l "STATE_DONE" 1 4 16, C4<11>;
P_000001ab85836cc8 .param/l "STATE_IDLE" 1 4 13, C4<00>;
P_000001ab85836d00 .param/l "STATE_INIT" 1 4 14, C4<01>;
v000001ab85844260_0 .net "clk", 0 0, v000001ab858a9c20_0;  1 drivers
v000001ab858a9860_0 .var "compute_done", 0 0;
v000001ab858a9ae0_0 .var/s "compute_result", 63 0;
v000001ab858a9a40_0 .var "curr_state", 1 0;
v000001ab858a9d60_0 .var/s "four_x", 63 0;
v000001ab858a9e00_0 .var "func_done", 0 0;
v000001ab858a95e0_0 .var "next_state", 1 0;
v000001ab858a99a0_0 .var "overflow", 0 0;
L_000001ab858ac0b8 .functor BUFT 1, C4<0>, C4<0>, C4<0>, C4<0>;
v000001ab858a9cc0_0 .net "overflow_x_square", 0 0, L_000001ab858ac0b8;  1 drivers
v000001ab858a94a0_0 .net "rst_n", 0 0, v000001ab858a9ea0_0;  1 drivers
v000001ab858a9180_0 .net "start_func", 0 0, v000001ab858a92c0_0;  1 drivers
v000001ab858a90e0_0 .net/s "x_in", 31 0, v000001ab858a9220_0;  1 drivers
v000001ab858a9540_0 .net/s "x_square", 63 0, L_000001ab858aa4b0;  1 drivers
v000001ab858a9680_0 .var/s "x_val", 31 0;
v000001ab858a9b80_0 .var/s "y_out", 63 0;
E_000001ab8583a830/0 .event negedge, v000001ab858a94a0_0;
E_000001ab8583a830/1 .event posedge, v000001ab85844260_0;
E_000001ab8583a830 .event/or E_000001ab8583a830/0, E_000001ab8583a830/1;
E_000001ab858399b0/0 .event anyedge, v000001ab858a9a40_0, v000001ab858a9180_0, v000001ab858a9860_0, v000001ab8583d780_0;
E_000001ab858399b0/1 .event anyedge, v000001ab857f63c0_0, v000001ab858a9d60_0;
E_000001ab858399b0 .event/or E_000001ab858399b0/0, E_000001ab858399b0/1;
S_000001ab857f6230 .scope module, "inst" "fixed_64_mult" 4 76, 5 1 0, S_000001ab857f60a0;
 .timescale 0 0;
    .port_info 0 /INPUT 32 "a_in";
    .port_info 1 /INPUT 32 "b_in";
    .port_info 2 /OUTPUT 64 "p_out";
    .port_info 3 /OUTPUT 1 "overflow";
P_000001ab85839ab0 .param/l "FRACT_BITS" 1 5 8, +C4<00000000000000000000000000001000>;
v000001ab8583cef0_0 .net/s *"_ivl_0", 63 0, L_000001ab858a97c0;  1 drivers
v000001ab8583d280_0 .net/s *"_ivl_2", 63 0, L_000001ab858a9400;  1 drivers
v000001ab8583d6e0_0 .net *"_ivl_8", 55 0, L_000001ab858aa190;  1 drivers
v000001ab8583d780_0 .net/s "a_in", 31 0, v000001ab858a9680_0;  1 drivers
v000001ab85852e10_0 .net/s "b_in", 31 0, v000001ab858a9680_0;  alias, 1 drivers
v000001ab85852eb0_0 .net "overflow", 0 0, L_000001ab858ac0b8;  alias, 1 drivers
v000001ab857f63c0_0 .net/s "p_out", 63 0, L_000001ab858aa4b0;  alias, 1 drivers
v000001ab857f6460_0 .net/s "product_full", 63 0, L_000001ab858a9900;  1 drivers
L_000001ab858a97c0 .extend/s 64, v000001ab858a9680_0;
L_000001ab858a9400 .extend/s 64, v000001ab858a9680_0;
L_000001ab858a9900 .arith/mult 64, L_000001ab858a97c0, L_000001ab858a9400;
L_000001ab858aa190 .part L_000001ab858a9900, 8, 56;
L_000001ab858aa4b0 .extend/s 64, L_000001ab858aa190;
    .scope S_000001ab857f60a0;
T_0 ;
    %wait E_000001ab858399b0;
    %load/vec4 v000001ab858a9a40_0;
    %store/vec4 v000001ab858a95e0_0, 0, 2;
    %load/vec4 v000001ab858a9a40_0;
    %dup/vec4;
    %pushi/vec4 0, 0, 2;
    %cmp/u;
    %jmp/1 T_0.0, 6;
    %dup/vec4;
    %pushi/vec4 1, 0, 2;
    %cmp/u;
    %jmp/1 T_0.1, 6;
    %dup/vec4;
    %pushi/vec4 2, 0, 2;
    %cmp/u;
    %jmp/1 T_0.2, 6;
    %dup/vec4;
    %pushi/vec4 3, 0, 2;
    %cmp/u;
    %jmp/1 T_0.3, 6;
    %pushi/vec4 0, 0, 2;
    %store/vec4 v000001ab858a95e0_0, 0, 2;
    %jmp T_0.5;
T_0.0 ;
    %load/vec4 v000001ab858a9180_0;
    %flag_set/vec4 8;
    %jmp/0xz  T_0.6, 8;
    %pushi/vec4 1, 0, 2;
    %store/vec4 v000001ab858a95e0_0, 0, 2;
T_0.6 ;
    %jmp T_0.5;
T_0.1 ;
    %pushi/vec4 2, 0, 2;
    %store/vec4 v000001ab858a95e0_0, 0, 2;
    %jmp T_0.5;
T_0.2 ;
    %load/vec4 v000001ab858a9860_0;
    %flag_set/vec4 8;
    %jmp/0xz  T_0.8, 8;
    %pushi/vec4 3, 0, 2;
    %store/vec4 v000001ab858a95e0_0, 0, 2;
T_0.8 ;
    %jmp T_0.5;
T_0.3 ;
    %load/vec4 v000001ab858a9180_0;
    %nor/r;
    %flag_set/vec4 8;
    %jmp/0xz  T_0.10, 8;
    %pushi/vec4 0, 0, 2;
    %store/vec4 v000001ab858a95e0_0, 0, 2;
T_0.10 ;
    %jmp T_0.5;
T_0.5 ;
    %pop/vec4 1;
    %load/vec4 v000001ab858a9680_0;
    %pad/s 64;
    %ix/load 4, 2, 0;
    %flag_set/imm 4, 0;
    %shiftl 4;
    %store/vec4 v000001ab858a9d60_0, 0, 64;
    %load/vec4 v000001ab858a9540_0;
    %load/vec4 v000001ab858a9d60_0;
    %add;
    %pushi/vec4 4294967295, 0, 32;
    %concati/vec4 4294967040, 0, 32;
    %add;
    %store/vec4 v000001ab858a9ae0_0, 0, 64;
    %jmp T_0;
    .thread T_0, $push;
    .scope S_000001ab857f60a0;
T_1 ;
    %wait E_000001ab8583a830;
    %load/vec4 v000001ab858a94a0_0;
    %nor/r;
    %flag_set/vec4 8;
    %jmp/0xz  T_1.0, 8;
    %pushi/vec4 0, 0, 2;
    %assign/vec4 v000001ab858a9a40_0, 0;
    %pushi/vec4 0, 0, 1;
    %assign/vec4 v000001ab858a9e00_0, 0;
    %pushi/vec4 0, 0, 32;
    %assign/vec4 v000001ab858a9680_0, 0;
    %pushi/vec4 0, 0, 64;
    %assign/vec4 v000001ab858a9b80_0, 0;
    %pushi/vec4 0, 0, 1;
    %assign/vec4 v000001ab858a9860_0, 0;
    %pushi/vec4 0, 0, 1;
    %assign/vec4 v000001ab858a99a0_0, 0;
    %jmp T_1.1;
T_1.0 ;
    %load/vec4 v000001ab858a95e0_0;
    %assign/vec4 v000001ab858a9a40_0, 0;
    %load/vec4 v000001ab858a9a40_0;
    %dup/vec4;
    %pushi/vec4 0, 0, 2;
    %cmp/u;
    %jmp/1 T_1.2, 6;
    %dup/vec4;
    %pushi/vec4 1, 0, 2;
    %cmp/u;
    %jmp/1 T_1.3, 6;
    %dup/vec4;
    %pushi/vec4 2, 0, 2;
    %cmp/u;
    %jmp/1 T_1.4, 6;
    %dup/vec4;
    %pushi/vec4 3, 0, 2;
    %cmp/u;
    %jmp/1 T_1.5, 6;
    %jmp T_1.6;
T_1.2 ;
    %pushi/vec4 0, 0, 1;
    %assign/vec4 v000001ab858a9e00_0, 0;
    %pushi/vec4 0, 0, 1;
    %assign/vec4 v000001ab858a9860_0, 0;
    %jmp T_1.6;
T_1.3 ;
    %load/vec4 v000001ab858a90e0_0;
    %assign/vec4 v000001ab858a9680_0, 0;
    %pushi/vec4 0, 0, 64;
    %assign/vec4 v000001ab858a9b80_0, 0;
    %pushi/vec4 0, 0, 1;
    %assign/vec4 v000001ab858a9e00_0, 0;
    %pushi/vec4 0, 0, 1;
    %assign/vec4 v000001ab858a9860_0, 0;
    %jmp T_1.6;
T_1.4 ;
    %load/vec4 v000001ab858a9ae0_0;
    %assign/vec4 v000001ab858a9b80_0, 0;
    %pushi/vec4 1, 0, 1;
    %assign/vec4 v000001ab858a9860_0, 0;
    %load/vec4 v000001ab858a9cc0_0;
    %assign/vec4 v000001ab858a99a0_0, 0;
    %jmp T_1.6;
T_1.5 ;
    %pushi/vec4 1, 0, 1;
    %assign/vec4 v000001ab858a9e00_0, 0;
    %jmp T_1.6;
T_1.6 ;
    %pop/vec4 1;
T_1.1 ;
    %jmp T_1;
    .thread T_1;
    .scope S_000001ab85852af0;
T_2 ;
    %pushi/vec4 0, 0, 1;
    %store/vec4 v000001ab858a9c20_0, 0, 1;
T_2.0 ;
    %delay 5000, 0;
    %load/vec4 v000001ab858a9c20_0;
    %inv;
    %store/vec4 v000001ab858a9c20_0, 0, 1;
    %jmp T_2.0;
    %end;
    .thread T_2;
    .scope S_000001ab85852af0;
T_3 ;
    %fork t_1, S_000001ab85852c80;
    %jmp t_0;
    .scope S_000001ab85852c80;
t_1 ;
    %vpi_call/w 3 37 "$dumpfile", "tb_top.vcd" {0 0 0};
    %vpi_call/w 3 38 "$dumpvars", 32'sb00000000000000000000000000000000, S_000001ab85852af0 {0 0 0};
    %pushi/vec4 0, 0, 1;
    %store/vec4 v000001ab858a9ea0_0, 0, 1;
    %pushi/vec4 0, 0, 1;
    %store/vec4 v000001ab858a92c0_0, 0, 1;
    %pushi/vec4 256, 0, 32;
    %store/vec4 v000001ab858a9f40_0, 0, 32;
    %vpi_call/w 3 44 "$display", "---------------------------------------------------------" {0 0 0};
    %vpi_call/w 3 45 "$display", "----Starting Testbench for Default Polynomial Function---" {0 0 0};
    %vpi_call/w 3 46 "$display", "---------------------------------------------------------" {0 0 0};
    %delay 20000, 0;
    %pushi/vec4 1, 0, 1;
    %store/vec4 v000001ab858a9ea0_0, 0, 1;
    %pushi/vec4 1, 0, 32;
    %store/vec4 v000001ab857f6890_0, 0, 32;
T_3.0 ;
    %load/vec4 v000001ab857f6890_0;
    %cmpi/s 11, 0, 32;
    %jmp/0xz T_3.1, 5;
    %pushi/vec4 1, 0, 1;
    %store/vec4 v000001ab858a92c0_0, 0, 1;
    %load/vec4 v000001ab858a9f40_0;
    %store/vec4 v000001ab858a9220_0, 0, 32;
    %delay 20000, 0;
T_3.2 ;
    %load/vec4 v000001ab858a9fe0_0;
    %pushi/vec4 1, 0, 1;
    %cmp/e;
    %flag_get/vec4 4;
    %cmpi/ne 1, 0, 1;
    %jmp/0xz T_3.3, 6;
    %wait E_000001ab8583a0b0;
    %jmp T_3.2;
T_3.3 ;
    %vpi_func/r 3 56 "$itor", v000001ab858a9f40_0 {0 0 0};
    %pushi/real 1073741824, 4074; load=256.000
    %div/wr;
    %vpi_call/w 3 56 "$display", "\012--- Test Case %0d: Initial x = %f (Q24.8) ---", v000001ab857f6890_0, W<0,r> {0 1 0};
    %vpi_func/r 3 57 "$itor", v000001ab858a9f40_0 {0 0 0};
    %pushi/real 1073741824, 4074; load=256.000
    %div/wr;
    %vpi_call/w 3 57 "$display", "X input : %f (0x%H)", W<0,r>, v000001ab858a9f40_0 {0 1 0};
    %vpi_func/r 3 58 "$itor", v000001ab858a9720_0 {0 0 0};
    %pushi/real 1073741824, 4074; load=256.000
    %div/wr;
    %vpi_call/w 3 58 "$display", "Y output: %f (0x%H)", W<0,r>, v000001ab858a9720_0 {0 1 0};
    %pushi/vec4 0, 0, 1;
    %store/vec4 v000001ab858a92c0_0, 0, 1;
    %load/vec4 v000001ab858a9f40_0;
    %addi 256, 0, 32;
    %store/vec4 v000001ab858a9f40_0, 0, 32;
    %delay 20000, 0;
    %load/vec4 v000001ab857f6890_0;
    %addi 1, 0, 32;
    %store/vec4 v000001ab857f6890_0, 0, 32;
    %jmp T_3.0;
T_3.1 ;
    %vpi_call/w 3 64 "$finish" {0 0 0};
    %end;
    .scope S_000001ab85852af0;
t_0 %join;
    %end;
    .thread T_3;
# The file index is used to find the file name in the following table.
:file_names 6;
    "N/A";
    "<interactive>";
    "-";
    "tb_Top.v";
    "Top.v";
    "fixed_64_mult.v";
