#! /c/Source/iverilog-install/bin/vvp
:ivl_version "12.0 (devel)" "(s20150603-1539-g2693dd32b)";
:ivl_delay_selection "TYPICAL";
:vpi_time_precision - 12;
:vpi_module "C:\iverilog\lib\ivl\system.vpi";
:vpi_module "C:\iverilog\lib\ivl\vhdl_sys.vpi";
:vpi_module "C:\iverilog\lib\ivl\vhdl_textio.vpi";
:vpi_module "C:\iverilog\lib\ivl\v2005_math.vpi";
:vpi_module "C:\iverilog\lib\ivl\va_math.vpi";
:vpi_module "C:\iverilog\lib\ivl\v2009.vpi";
S_000001ddb8fd5470 .scope package, "$unit" "$unit" 2 1;
 .timescale 0 0;
S_000001ddb8f2e740 .scope module, "Top_tb" "Top_tb" 3 3;
 .timescale -9 -12;
P_000001ddb8f296d0 .param/l "INCREMENT" 0 3 11, C4<0000000000000001>;
v000001ddb8f2ea60_0 .var/s "fixed_in", 15 0;
v000001ddb8f2eb00_0 .net/s "rounded_out", 7 0, v000001ddb8fd5a50_0;  1 drivers
S_000001ddb8f2e8d0 .scope begin, "$unm_blk_4" "$unm_blk_4" 3 20, 3 20 0, S_000001ddb8f2e740;
 .timescale -9 -12;
v000001ddb8f26840_0 .var/i "i", 31 0;
S_000001ddb8fd9650 .scope module, "uut" "Top" 3 14, 4 1 0, S_000001ddb8f2e740;
 .timescale 0 0;
    .port_info 0 /INPUT 16 "fixed_point_in";
    .port_info 1 /OUTPUT 8 "rounded_integer_out";
P_000001ddb8f28bc0 .param/l "MAX_8_BIT" 1 4 6, +C4<01111111>;
P_000001ddb8f28bf8 .param/l "MAX_8_BIT_16" 1 4 8, +C4<0111111100000000>;
P_000001ddb8f28c30 .param/l "MIN_8_BIT" 1 4 7, +C4<10000000>;
P_000001ddb8f28c68 .param/l "MIN_8_BIT_16" 1 4 9, +C4<1000000000000000>;
P_000001ddb8f28ca0 .param/l "OVERFLOW_CONST" 1 4 10, +C4<0000000001111111>;
v000001ddb8f26450_0 .net/s *"_ivl_0", 16 0, L_000001ddb8fd5600;  1 drivers
L_000001ddb9038028 .functor BUFT 1, C4<00000000001111111>, C4<0>, C4<0>, C4<0>;
v000001ddb8fd4f00_0 .net/2s *"_ivl_2", 16 0, L_000001ddb9038028;  1 drivers
L_000001ddb9038070 .functor BUFT 1, C4<0111111100000000>, C4<0>, C4<0>, C4<0>;
v000001ddb8f2beb0_0 .net/2s *"_ivl_6", 15 0, L_000001ddb9038070;  1 drivers
v000001ddb8fd51d0_0 .net/s "fixed_point_in", 15 0, v000001ddb8f2ea60_0;  1 drivers
v000001ddb8fd5270_0 .net "overflow", 0 0, L_000001ddb8fd9bf0;  1 drivers
v000001ddb8fd5a50_0 .var/s "rounded_integer_out", 7 0;
v000001ddb8fd5af0_0 .net/s "temp_res", 16 0, L_000001ddb8fd56a0;  1 drivers
E_000001ddb8f29210 .event anyedge, v000001ddb8fd5270_0, v000001ddb8fd5af0_0;
L_000001ddb8fd5600 .extend/s 17, v000001ddb8f2ea60_0;
L_000001ddb8fd56a0 .arith/sum 17, L_000001ddb8fd5600, L_000001ddb9038028;
L_000001ddb8fd9bf0 .cmp/gt.s 16, v000001ddb8f2ea60_0, L_000001ddb9038070;
    .scope S_000001ddb8fd9650;
T_0 ;
    %wait E_000001ddb8f29210;
    %load/vec4 v000001ddb8fd5270_0;
    %flag_set/vec4 8;
    %jmp/0xz  T_0.0, 8;
    %pushi/vec4 127, 0, 8;
    %store/vec4 v000001ddb8fd5a50_0, 0, 8;
    %jmp T_0.1;
T_0.0 ;
    %load/vec4 v000001ddb8fd5af0_0;
    %parti/s 8, 8, 5;
    %store/vec4 v000001ddb8fd5a50_0, 0, 8;
T_0.1 ;
    %jmp T_0;
    .thread T_0, $push;
    .scope S_000001ddb8f2e740;
T_1 ;
    %fork t_1, S_000001ddb8f2e8d0;
    %jmp t_0;
    .scope S_000001ddb8f2e8d0;
t_1 ;
    %vpi_call/w 3 24 "$dumpfile", "Top_tb.vcd" {0 0 0};
    %vpi_call/w 3 25 "$dumpvars", 32'sb00000000000000000000000000000000, S_000001ddb8f2e740 {0 0 0};
    %vpi_call/w 3 27 "$display", "---------------------------------------------------------" {0 0 0};
    %vpi_call/w 3 28 "$display", "--Starting Testbench for Capped Fixed-Point Multiplier---" {0 0 0};
    %vpi_call/w 3 29 "$display", "---------------------------------------------------------" {0 0 0};
    %pushi/vec4 32762, 0, 16;
    %store/vec4 v000001ddb8f2ea60_0, 0, 16;
    %delay 10000, 0;
    %pushi/vec4 1, 0, 32;
    %store/vec4 v000001ddb8f26840_0, 0, 32;
T_1.0 ;
    %load/vec4 v000001ddb8f26840_0;
    %cmpi/s 150, 0, 32;
    %jmp/0xz T_1.1, 5;
    %vpi_func/r 3 40 "$itor", v000001ddb8f2ea60_0 {0 0 0};
    %pushi/real 1073741824, 4074; load=256.000
    %div/wr;
    %vpi_call/w 3 40 "$display", "\012------- Test Case %0d: Input a = %f ------", v000001ddb8f26840_0, W<0,r> {0 1 0};
    %vpi_func/r 3 41 "$itor", v000001ddb8f2ea60_0 {0 0 0};
    %pushi/real 1073741824, 4074; load=256.000
    %div/wr;
    %vpi_call/w 3 41 "$display", "Fixed_in : %f (0x%H) %b", W<0,r>, v000001ddb8f2ea60_0, v000001ddb8f2ea60_0 {0 1 0};
    %vpi_call/w 3 42 "$display", "Round_out: %d (0x%H) %b", v000001ddb8f2eb00_0, v000001ddb8f2eb00_0, v000001ddb8f2eb00_0 {0 0 0};
    %vpi_call/w 3 43 "$display", "Temp_res:     (0x%h) %b", v000001ddb8fd5af0_0, v000001ddb8fd5af0_0 {0 0 0};
    %vpi_call/w 3 44 "$display", "OverFlow: %d ", v000001ddb8fd5270_0 {0 0 0};
    %load/vec4 v000001ddb8f2ea60_0;
    %addi 1, 0, 16;
    %store/vec4 v000001ddb8f2ea60_0, 0, 16;
    %delay 10000, 0;
    %load/vec4 v000001ddb8f26840_0;
    %addi 1, 0, 32;
    %store/vec4 v000001ddb8f26840_0, 0, 32;
    %jmp T_1.0;
T_1.1 ;
    %vpi_call/w 3 53 "$display", "---------------------------------------------------------" {0 0 0};
    %vpi_call/w 3 54 "$display", "-------Testbench Finished-------" {0 0 0};
    %vpi_call/w 3 55 "$display", "---------------------------------------------------------" {0 0 0};
    %vpi_call/w 3 56 "$finish" {0 0 0};
    %end;
    .scope S_000001ddb8f2e740;
t_0 %join;
    %end;
    .thread T_1;
# The file index is used to find the file name in the following table.
:file_names 5;
    "N/A";
    "<interactive>";
    "-";
    "Top_tb.v";
    "Top.v";
