#! /c/Source/iverilog-install/bin/vvp
:ivl_version "12.0 (devel)" "(s20150603-1539-g2693dd32b)";
:ivl_delay_selection "TYPICAL";
:vpi_time_precision - 12;
:vpi_module "C:\iverilog\lib\ivl\system.vpi";
:vpi_module "C:\iverilog\lib\ivl\vhdl_sys.vpi";
:vpi_module "C:\iverilog\lib\ivl\vhdl_textio.vpi";
:vpi_module "C:\iverilog\lib\ivl\v2005_math.vpi";
:vpi_module "C:\iverilog\lib\ivl\va_math.vpi";
:vpi_module "C:\iverilog\lib\ivl\v2009.vpi";
S_00000178291bffb0 .scope package, "$unit" "$unit" 2 1;
 .timescale 0 0;
S_00000178291c0310 .scope module, "tb_Top" "tb_Top" 3 3;
 .timescale -9 -12;
P_00000178291a6d20 .param/l "INCREMENT" 0 3 7, C4<00000000000000000000000100000000>;
P_00000178291a6d58 .param/l "LEARNING_RATE" 0 3 6, C4<00000000000000000000000000011010>;
P_00000178291a6d90 .param/l "LOOP_COUNT" 0 3 8, +C4<00000000000000000000000000000001>;
P_00000178291a6dc8 .param/l "NUM_ITERATIONS" 0 3 5, +C4<00000000000000000000000000110010>;
v000001782921cc30_0 .var "clk", 0 0;
v000001782921e350_0 .net "done_op", 0 0, v000001782921b580_0;  1 drivers
v000001782921ceb0_0 .var/s "initial_x_in", 31 0;
v000001782921ddb0_0 .var "rst_n", 0 0;
v000001782921d8b0_0 .var "start_op", 0 0;
v000001782921cff0_0 .var/s "test_x_val", 31 0;
v000001782921d4f0_0 .net/s "x_at_min", 31 0, v000001782921d450_0;  1 drivers
v000001782921d590_0 .net/s "y_min", 63 0, v000001782921e170_0;  1 drivers
S_00000178291c04a0 .scope begin, "$unm_blk_46" "$unm_blk_46" 3 43, 3 43 0, S_00000178291c0310;
 .timescale -9 -12;
v00000178291aafb0_0 .var/i "i", 31 0;
E_00000178291b9310 .event anyedge, v000001782921b580_0;
S_000001782916e950 .scope module, "uut_top" "Top" 3 26, 4 10 0, S_00000178291c0310;
 .timescale 0 0;
    .port_info 0 /INPUT 1 "clk";
    .port_info 1 /INPUT 1 "rst_n";
    .port_info 2 /INPUT 1 "start_op";
    .port_info 3 /INPUT 32 "x_init";
    .port_info 4 /OUTPUT 32 "x_at_min";
    .port_info 5 /OUTPUT 64 "y_min";
    .port_info 6 /OUTPUT 1 "done_op";
P_000001782916eae0 .param/l "LEARNING_RATE" 0 4 12, C4<00000000000000000000000000011010>;
P_000001782916eb18 .param/l "NUM_ITERATIONS" 0 4 11, +C4<00000000000000000000000000110010>;
P_000001782916eb50 .param/l "STATE_CALL_FUNC" 1 4 45, C4<010>;
P_000001782916eb88 .param/l "STATE_CMP_STR" 1 4 46, C4<011>;
P_000001782916ebc0 .param/l "STATE_DONE" 1 4 47, C4<100>;
P_000001782916ebf8 .param/l "STATE_IDLE" 1 4 43, C4<000>;
P_000001782916ec30 .param/l "STATE_INIT" 1 4 44, C4<001>;
v000001782921b940_0 .net "clk", 0 0, v000001782921cc30_0;  1 drivers
v000001782921a4a0_0 .net "comp_result", 0 0, L_000001782921e210;  1 drivers
v000001782921b4e0_0 .var "current_state", 2 0;
v000001782921b580_0 .var "done_op", 0 0;
v000001782921a540_0 .net "func_done", 0 0, v000001782921ad60_0;  1 drivers
v000001782921bb20_0 .var "func_reset", 0 0;
v000001782921bc60_0 .var "iter_count", 5 0;
v000001782921bd00_0 .var "next_state", 2 0;
v000001782921bee0_0 .net "rst_n", 0 0, v000001782921ddb0_0;  1 drivers
v000001782921e2b0_0 .var "start_func", 0 0;
v000001782921d630_0 .net "start_op", 0 0, v000001782921d8b0_0;  1 drivers
v000001782921d450_0 .var/s "x_at_min", 31 0;
v000001782921d1d0_0 .var/s "x_at_min_inter", 31 0;
v000001782921d6d0_0 .net "x_diff_out", 31 0, v000001782921c340_0;  1 drivers
v000001782921dc70_0 .var/s "x_in", 31 0;
v000001782921df90_0 .net/s "x_init", 31 0, v000001782921ceb0_0;  1 drivers
v000001782921cf50_0 .net "x_next_val", 31 0, L_000001782921dd10;  1 drivers
v000001782921e170_0 .var/s "y_min", 63 0;
v000001782921c910_0 .var/s "y_min_inter", 63 0;
v000001782921d770_0 .net "y_out", 63 0, v000001782921b1c0_0;  1 drivers
E_00000178291b8990/0 .event negedge, v000001782921bee0_0;
E_00000178291b8990/1 .event posedge, v0000017829211ec0_0;
E_00000178291b8990 .event/or E_00000178291b8990/0, E_00000178291b8990/1;
E_00000178291b9490 .event anyedge, v000001782921b4e0_0, v000001782921d630_0, v000001782921ad60_0, v000001782921bc60_0;
L_000001782921dd10 .arith/sub 32, v000001782921dc70_0, v000001782921c340_0;
S_0000017829180060 .scope module, "compare" "fixed_64_comp" 4 159, 5 1 0, S_000001782916e950;
 .timescale 0 0;
    .port_info 0 /INPUT 64 "a_in";
    .port_info 1 /INPUT 64 "b_in";
    .port_info 2 /OUTPUT 1 "comp_result";
v00000178291aaa10_0 .net/s "a_in", 63 0, v000001782921c910_0;  1 drivers
v00000178291aa0b0_0 .net/s "b_in", 63 0, v000001782921e170_0;  alias, 1 drivers
v00000178291aa470_0 .net "comp_result", 0 0, L_000001782921e210;  alias, 1 drivers
L_000001782921e210 .cmp/gt.s 64, v000001782921e170_0, v000001782921c910_0;
S_00000178291801f0 .scope module, "inst" "func_grad_val_diff" 4 148, 6 1 0, S_000001782916e950;
 .timescale 0 0;
    .port_info 0 /INPUT 1 "clk";
    .port_info 1 /INPUT 1 "rst_n";
    .port_info 2 /INPUT 1 "start_func";
    .port_info 3 /INPUT 32 "x_in";
    .port_info 4 /OUTPUT 64 "gradient";
    .port_info 5 /OUTPUT 64 "value";
    .port_info 6 /OUTPUT 32 "x_diff_out";
    .port_info 7 /OUTPUT 1 "func_done";
    .port_info 8 /OUTPUT 1 "overflow";
P_000001782920faa0 .param/l "GRADatZERO" 1 6 16, C4<00000000000000000000010000000000>;
P_000001782920fad8 .param/l "LEARNING_RATE" 0 6 2, C4<00000000000000000000000000011010>;
P_000001782920fb10 .param/l "TWO_H" 1 6 15, C4<00000000000000000000000000000010>;
L_000001782919c4c0 .functor AND 1, v0000017829211ba0_0, v0000017829211f60_0, C4<1>, C4<1>;
L_0000017829220088 .functor BUFT 1, C4<00000000000000000000000000000010>, C4<0>, C4<0>, C4<0>;
v000001782921a7c0_0 .net/2u *"_ivl_0", 31 0, L_0000017829220088;  1 drivers
L_0000017829220160 .functor BUFT 1, C4<0000000>, C4<0>, C4<0>, C4<0>;
v000001782921c200_0 .net *"_ivl_10", 6 0, L_0000017829220160;  1 drivers
v000001782921afe0_0 .net/s *"_ivl_4", 63 0, L_000001782921d3b0;  1 drivers
v000001782921c160_0 .net *"_ivl_8", 56 0, L_000001782921d9f0;  1 drivers
v000001782921a900_0 .net "all_funcs_done", 0 0, L_000001782919c4c0;  1 drivers
v000001782921b760_0 .net "clk", 0 0, v000001782921cc30_0;  alias, 1 drivers
v000001782921b620_0 .net "func1_done", 0 0, v0000017829211ba0_0;  1 drivers
v000001782921a860_0 .net "func2_done", 0 0, v0000017829211f60_0;  1 drivers
v000001782921ad60_0 .var "func_done", 0 0;
v000001782921a9a0_0 .var/s "gradient", 63 0;
v000001782921c0c0_0 .net/s "gradient_calc", 63 0, L_000001782921d950;  1 drivers
v000001782921aa40_0 .var "overflow", 0 0;
v000001782921aea0_0 .net "overflow1", 0 0, v0000017829210ca0_0;  1 drivers
v000001782921b120_0 .net "overflow2", 0 0, v0000017829211e20_0;  1 drivers
v000001782921bda0_0 .net "overflow_mult", 0 0, L_000001782919c8b0;  1 drivers
v000001782921b8a0_0 .net "rst_n", 0 0, v000001782921bb20_0;  1 drivers
v000001782921b080_0 .net "start_func", 0 0, v000001782921e2b0_0;  1 drivers
v000001782921bf80_0 .net "underflow_mult", 0 0, L_000001782919d170;  1 drivers
v000001782921a680_0 .var/s "val1_reg", 63 0;
v000001782921b260_0 .var/s "val2_reg", 63 0;
v000001782921b1c0_0 .var/s "value", 63 0;
v000001782921c2a0_0 .net/s "x_diff", 31 0, L_000001782921c730;  1 drivers
v000001782921c340_0 .var/s "x_diff_out", 31 0;
v000001782921b300_0 .net/s "x_in", 31 0, v000001782921dc70_0;  1 drivers
v000001782921b800_0 .net/s "x_in_minus_2H", 31 0, L_000001782921d310;  1 drivers
v000001782921c020_0 .net/s "y_out1_func", 63 0, v0000017829211b00_0;  1 drivers
v000001782921b9e0_0 .net/s "y_out2_func", 63 0, v0000017829210a20_0;  1 drivers
L_000001782921d310 .arith/sub 32, v000001782921dc70_0, L_0000017829220088;
L_000001782921d3b0 .arith/sub 64, v000001782921a680_0, v000001782921b260_0;
L_000001782921d9f0 .part L_000001782921d3b0, 0, 57;
L_000001782921d950 .concat [ 7 57 0 0], L_0000017829220160, L_000001782921d9f0;
L_000001782921e030 .part L_000001782921d950, 0, 32;
S_000001782917f320 .scope module, "func_val" "func" 6 35, 7 1 0, S_00000178291801f0;
 .timescale 0 0;
    .port_info 0 /INPUT 1 "clk";
    .port_info 1 /INPUT 1 "rst_n";
    .port_info 2 /INPUT 1 "start_func";
    .port_info 3 /INPUT 32 "x_in";
    .port_info 4 /OUTPUT 64 "y_out";
    .port_info 5 /OUTPUT 1 "func_done";
    .port_info 6 /OUTPUT 1 "overflow";
P_00000178291a48f0 .param/l "MINUS_ONE" 1 7 17, C4<1111111111111111111111111111111111111111111111111111111100000000>;
P_00000178291a4928 .param/l "STATE_COMPUTE" 1 7 15, C4<10>;
P_00000178291a4960 .param/l "STATE_DONE" 1 7 16, C4<11>;
P_00000178291a4998 .param/l "STATE_IDLE" 1 7 13, C4<00>;
P_00000178291a49d0 .param/l "STATE_INIT" 1 7 14, C4<01>;
v0000017829211ec0_0 .net "clk", 0 0, v000001782921cc30_0;  alias, 1 drivers
v0000017829211c40_0 .var "compute_done", 0 0;
v0000017829210c00_0 .var/s "compute_result", 63 0;
v0000017829211100_0 .var "curr_state", 1 0;
v0000017829212000_0 .var/s "four_x", 63 0;
v0000017829211ba0_0 .var "func_done", 0 0;
v0000017829211d80_0 .var "next_state", 1 0;
v0000017829210ca0_0 .var "overflow", 0 0;
L_00000178292200d0 .functor BUFT 1, C4<0>, C4<0>, C4<0>, C4<0>;
v0000017829210ac0_0 .net "overflow_x_square", 0 0, L_00000178292200d0;  1 drivers
v0000017829210fc0_0 .net "rst_n", 0 0, v000001782921bb20_0;  alias, 1 drivers
v0000017829210b60_0 .net "start_func", 0 0, v000001782921e2b0_0;  alias, 1 drivers
v0000017829212320_0 .net/s "x_in", 31 0, v000001782921dc70_0;  alias, 1 drivers
v00000178292116a0_0 .net/s "x_square", 63 0, L_000001782921d270;  1 drivers
v0000017829211880_0 .var/s "x_val", 31 0;
v0000017829211b00_0 .var/s "y_out", 63 0;
E_00000178291b9050/0 .event negedge, v0000017829210fc0_0;
E_00000178291b9050/1 .event posedge, v0000017829211ec0_0;
E_00000178291b9050 .event/or E_00000178291b9050/0, E_00000178291b9050/1;
E_00000178291b8a50/0 .event anyedge, v0000017829211100_0, v0000017829210b60_0, v0000017829211c40_0, v0000017829210980_0;
E_00000178291b8a50/1 .event anyedge, v0000017829211740_0, v0000017829212000_0;
E_00000178291b8a50 .event/or E_00000178291b8a50/0, E_00000178291b8a50/1;
S_000001782917f4b0 .scope module, "inst" "fixed_64_mult" 7 76, 8 1 0, S_000001782917f320;
 .timescale 0 0;
    .port_info 0 /INPUT 32 "a_in";
    .port_info 1 /INPUT 32 "b_in";
    .port_info 2 /OUTPUT 64 "p_out";
    .port_info 3 /OUTPUT 1 "overflow";
P_00000178291b8b90 .param/l "FRACT_BITS" 1 8 8, +C4<00000000000000000000000000001000>;
v00000178291aa5b0_0 .net/s *"_ivl_0", 63 0, L_000001782921d810;  1 drivers
v0000017829210f20_0 .net/s *"_ivl_2", 63 0, L_000001782921c870;  1 drivers
v0000017829210700_0 .net *"_ivl_8", 55 0, L_000001782921c4b0;  1 drivers
v0000017829210980_0 .net/s "a_in", 31 0, v0000017829211880_0;  1 drivers
v00000178292114c0_0 .net/s "b_in", 31 0, v0000017829211880_0;  alias, 1 drivers
v0000017829211920_0 .net "overflow", 0 0, L_00000178292200d0;  alias, 1 drivers
v0000017829211740_0 .net/s "p_out", 63 0, L_000001782921d270;  alias, 1 drivers
v0000017829211a60_0 .net/s "product_full", 63 0, L_000001782921cb90;  1 drivers
L_000001782921d810 .extend/s 64, v0000017829211880_0;
L_000001782921c870 .extend/s 64, v0000017829211880_0;
L_000001782921cb90 .arith/mult 64, L_000001782921d810, L_000001782921c870;
L_000001782921c4b0 .part L_000001782921cb90, 8, 56;
L_000001782921d270 .extend/s 64, L_000001782921c4b0;
S_0000017829182b20 .scope module, "inst2" "func" 6 45, 7 1 0, S_00000178291801f0;
 .timescale 0 0;
    .port_info 0 /INPUT 1 "clk";
    .port_info 1 /INPUT 1 "rst_n";
    .port_info 2 /INPUT 1 "start_func";
    .port_info 3 /INPUT 32 "x_in";
    .port_info 4 /OUTPUT 64 "y_out";
    .port_info 5 /OUTPUT 1 "func_done";
    .port_info 6 /OUTPUT 1 "overflow";
P_00000178291a3c90 .param/l "MINUS_ONE" 1 7 17, C4<1111111111111111111111111111111111111111111111111111111100000000>;
P_00000178291a3cc8 .param/l "STATE_COMPUTE" 1 7 15, C4<10>;
P_00000178291a3d00 .param/l "STATE_DONE" 1 7 16, C4<11>;
P_00000178291a3d38 .param/l "STATE_IDLE" 1 7 13, C4<00>;
P_00000178291a3d70 .param/l "STATE_INIT" 1 7 14, C4<01>;
v0000017829211060_0 .net "clk", 0 0, v000001782921cc30_0;  alias, 1 drivers
v0000017829211560_0 .var "compute_done", 0 0;
v0000017829211ce0_0 .var/s "compute_result", 63 0;
v00000178292107a0_0 .var "curr_state", 1 0;
v0000017829210840_0 .var/s "four_x", 63 0;
v0000017829211f60_0 .var "func_done", 0 0;
v00000178292108e0_0 .var "next_state", 1 0;
v0000017829211e20_0 .var "overflow", 0 0;
L_0000017829220118 .functor BUFT 1, C4<0>, C4<0>, C4<0>, C4<0>;
v0000017829212140_0 .net "overflow_x_square", 0 0, L_0000017829220118;  1 drivers
v00000178292111a0_0 .net "rst_n", 0 0, v000001782921bb20_0;  alias, 1 drivers
v0000017829211240_0 .net "start_func", 0 0, v000001782921e2b0_0;  alias, 1 drivers
v0000017829212280_0 .net/s "x_in", 31 0, L_000001782921d310;  alias, 1 drivers
v00000178292112e0_0 .net/s "x_square", 63 0, L_000001782921e0d0;  1 drivers
v0000017829211380_0 .var/s "x_val", 31 0;
v0000017829210a20_0 .var/s "y_out", 63 0;
E_00000178291b8d10/0 .event anyedge, v00000178292107a0_0, v0000017829210b60_0, v0000017829211560_0, v00000178292117e0_0;
E_00000178291b8d10/1 .event anyedge, v0000017829210520_0, v0000017829210840_0;
E_00000178291b8d10 .event/or E_00000178291b8d10/0, E_00000178291b8d10/1;
S_0000017829182cb0 .scope module, "inst" "fixed_64_mult" 7 76, 8 1 0, S_0000017829182b20;
 .timescale 0 0;
    .port_info 0 /INPUT 32 "a_in";
    .port_info 1 /INPUT 32 "b_in";
    .port_info 2 /OUTPUT 64 "p_out";
    .port_info 3 /OUTPUT 1 "overflow";
P_00000178291b8b10 .param/l "FRACT_BITS" 1 8 8, +C4<00000000000000000000000000001000>;
v00000178292105c0_0 .net/s *"_ivl_0", 63 0, L_000001782921ca50;  1 drivers
v0000017829210d40_0 .net/s *"_ivl_2", 63 0, L_000001782921d090;  1 drivers
v0000017829210480_0 .net *"_ivl_8", 55 0, L_000001782921c690;  1 drivers
v00000178292117e0_0 .net/s "a_in", 31 0, v0000017829211380_0;  1 drivers
v00000178292119c0_0 .net/s "b_in", 31 0, v0000017829211380_0;  alias, 1 drivers
v0000017829210660_0 .net "overflow", 0 0, L_0000017829220118;  alias, 1 drivers
v0000017829210520_0 .net/s "p_out", 63 0, L_000001782921e0d0;  alias, 1 drivers
v00000178292120a0_0 .net/s "product_full", 63 0, L_000001782921d130;  1 drivers
L_000001782921ca50 .extend/s 64, v0000017829211380_0;
L_000001782921d090 .extend/s 64, v0000017829211380_0;
L_000001782921d130 .arith/mult 64, L_000001782921ca50, L_000001782921d090;
L_000001782921c690 .part L_000001782921d130, 8, 56;
L_000001782921e0d0 .extend/s 64, L_000001782921c690;
S_00000178291853f0 .scope module, "inst_diff" "fixed_32_mult" 6 71, 9 1 0, S_00000178291801f0;
 .timescale 0 0;
    .port_info 0 /INPUT 32 "a_in";
    .port_info 1 /INPUT 32 "b_in";
    .port_info 2 /OUTPUT 32 "p_out";
    .port_info 3 /OUTPUT 1 "overflow";
    .port_info 4 /OUTPUT 1 "underflow_q";
P_00000178291b8610 .param/l "FRACT_BITS" 1 9 9, +C4<00000000000000000000000000001000>;
L_00000178292201a8 .functor BUFT 1, C4<0>, C4<0>, C4<0>, C4<0>;
L_000001782919c760 .functor XNOR 1, L_000001782921c7d0, L_00000178292201a8, C4<0>, C4<0>;
L_000001782919c8b0 .functor AND 1, L_000001782919c760, L_000001782921caf0, C4<1>, C4<1>;
L_00000178292201f0 .functor BUFT 1, C4<1>, C4<0>, C4<0>, C4<0>;
L_000001782919c450 .functor XNOR 1, L_000001782921c7d0, L_00000178292201f0, C4<0>, C4<0>;
L_000001782919c840 .functor NOT 1, L_000001782921da90, C4<0>, C4<0>, C4<0>;
L_000001782919d170 .functor AND 1, L_000001782919c450, L_000001782919c840, C4<1>, C4<1>;
v0000017829210de0_0 .net/s *"_ivl_0", 63 0, L_000001782921c9b0;  1 drivers
v0000017829211420_0 .net/2u *"_ivl_16", 0 0, L_00000178292201a8;  1 drivers
v0000017829210e80_0 .net *"_ivl_18", 0 0, L_000001782919c760;  1 drivers
v0000017829211600_0 .net/s *"_ivl_2", 63 0, L_000001782921c550;  1 drivers
v00000178292121e0_0 .net *"_ivl_21", 0 0, L_000001782921caf0;  1 drivers
v000001782921a720_0 .net/2u *"_ivl_24", 0 0, L_00000178292201f0;  1 drivers
v000001782921b6c0_0 .net *"_ivl_26", 0 0, L_000001782919c450;  1 drivers
v000001782921b3a0_0 .net *"_ivl_29", 0 0, L_000001782921da90;  1 drivers
v000001782921bbc0_0 .net *"_ivl_30", 0 0, L_000001782919c840;  1 drivers
v000001782921aae0_0 .net *"_ivl_6", 63 0, L_000001782921ccd0;  1 drivers
v000001782921ab80_0 .net *"_ivl_8", 55 0, L_000001782921def0;  1 drivers
L_0000017829220238 .functor BUFT 1, C4<00000000000000000000000000011010>, C4<0>, C4<0>, C4<0>;
v000001782921af40_0 .net/s "a_in", 31 0, L_0000017829220238;  1 drivers
v000001782921be40_0 .net/s "b_in", 31 0, L_000001782921e030;  1 drivers
v000001782921a5e0_0 .net "expected_sign", 0 0, L_000001782921c7d0;  1 drivers
v000001782921ae00_0 .net "msb_of_product_full", 23 0, L_000001782921de50;  1 drivers
v000001782921ac20_0 .net "overflow", 0 0, L_000001782919c8b0;  alias, 1 drivers
v000001782921ba80_0 .net/s "p_out", 31 0, L_000001782921c730;  alias, 1 drivers
v000001782921b440_0 .net/s "product_full", 63 0, L_000001782921c5f0;  1 drivers
v000001782921acc0_0 .net "underflow_q", 0 0, L_000001782919d170;  alias, 1 drivers
L_000001782921c9b0 .extend/s 64, L_0000017829220238;
L_000001782921c550 .extend/s 64, L_000001782921e030;
L_000001782921c5f0 .arith/mult 64, L_000001782921c9b0, L_000001782921c550;
L_000001782921def0 .part L_000001782921c5f0, 8, 56;
L_000001782921ccd0 .extend/s 64, L_000001782921def0;
L_000001782921c730 .part L_000001782921ccd0, 0, 32;
L_000001782921c7d0 .part L_000001782921c730, 31, 1;
L_000001782921de50 .part L_000001782921c5f0, 40, 24;
L_000001782921caf0 .reduce/or L_000001782921de50;
L_000001782921da90 .reduce/and L_000001782921de50;
    .scope S_000001782917f320;
T_0 ;
    %wait E_00000178291b8a50;
    %load/vec4 v0000017829211100_0;
    %store/vec4 v0000017829211d80_0, 0, 2;
    %load/vec4 v0000017829211100_0;
    %dup/vec4;
    %pushi/vec4 0, 0, 2;
    %cmp/u;
    %jmp/1 T_0.0, 6;
    %dup/vec4;
    %pushi/vec4 1, 0, 2;
    %cmp/u;
    %jmp/1 T_0.1, 6;
    %dup/vec4;
    %pushi/vec4 2, 0, 2;
    %cmp/u;
    %jmp/1 T_0.2, 6;
    %dup/vec4;
    %pushi/vec4 3, 0, 2;
    %cmp/u;
    %jmp/1 T_0.3, 6;
    %pushi/vec4 0, 0, 2;
    %store/vec4 v0000017829211d80_0, 0, 2;
    %jmp T_0.5;
T_0.0 ;
    %load/vec4 v0000017829210b60_0;
    %flag_set/vec4 8;
    %jmp/0xz  T_0.6, 8;
    %pushi/vec4 1, 0, 2;
    %store/vec4 v0000017829211d80_0, 0, 2;
T_0.6 ;
    %jmp T_0.5;
T_0.1 ;
    %pushi/vec4 2, 0, 2;
    %store/vec4 v0000017829211d80_0, 0, 2;
    %jmp T_0.5;
T_0.2 ;
    %load/vec4 v0000017829211c40_0;
    %flag_set/vec4 8;
    %jmp/0xz  T_0.8, 8;
    %pushi/vec4 3, 0, 2;
    %store/vec4 v0000017829211d80_0, 0, 2;
T_0.8 ;
    %jmp T_0.5;
T_0.3 ;
    %load/vec4 v0000017829210b60_0;
    %nor/r;
    %flag_set/vec4 8;
    %jmp/0xz  T_0.10, 8;
    %pushi/vec4 0, 0, 2;
    %store/vec4 v0000017829211d80_0, 0, 2;
T_0.10 ;
    %jmp T_0.5;
T_0.5 ;
    %pop/vec4 1;
    %load/vec4 v0000017829211880_0;
    %pad/s 64;
    %ix/load 4, 2, 0;
    %flag_set/imm 4, 0;
    %shiftl 4;
    %store/vec4 v0000017829212000_0, 0, 64;
    %load/vec4 v00000178292116a0_0;
    %load/vec4 v0000017829212000_0;
    %add;
    %pushi/vec4 4294967295, 0, 32;
    %concati/vec4 4294967040, 0, 32;
    %add;
    %store/vec4 v0000017829210c00_0, 0, 64;
    %jmp T_0;
    .thread T_0, $push;
    .scope S_000001782917f320;
T_1 ;
    %wait E_00000178291b9050;
    %load/vec4 v0000017829210fc0_0;
    %nor/r;
    %flag_set/vec4 8;
    %jmp/0xz  T_1.0, 8;
    %pushi/vec4 0, 0, 2;
    %assign/vec4 v0000017829211100_0, 0;
    %pushi/vec4 0, 0, 1;
    %assign/vec4 v0000017829211ba0_0, 0;
    %pushi/vec4 0, 0, 32;
    %assign/vec4 v0000017829211880_0, 0;
    %pushi/vec4 4294967295, 0, 32;
    %concati/vec4 4294967040, 0, 32;
    %assign/vec4 v0000017829211b00_0, 0;
    %pushi/vec4 0, 0, 1;
    %assign/vec4 v0000017829211c40_0, 0;
    %pushi/vec4 0, 0, 1;
    %assign/vec4 v0000017829210ca0_0, 0;
    %jmp T_1.1;
T_1.0 ;
    %load/vec4 v0000017829211d80_0;
    %assign/vec4 v0000017829211100_0, 0;
    %load/vec4 v0000017829211100_0;
    %dup/vec4;
    %pushi/vec4 0, 0, 2;
    %cmp/u;
    %jmp/1 T_1.2, 6;
    %dup/vec4;
    %pushi/vec4 1, 0, 2;
    %cmp/u;
    %jmp/1 T_1.3, 6;
    %dup/vec4;
    %pushi/vec4 2, 0, 2;
    %cmp/u;
    %jmp/1 T_1.4, 6;
    %dup/vec4;
    %pushi/vec4 3, 0, 2;
    %cmp/u;
    %jmp/1 T_1.5, 6;
    %jmp T_1.6;
T_1.2 ;
    %pushi/vec4 0, 0, 1;
    %assign/vec4 v0000017829211ba0_0, 0;
    %pushi/vec4 0, 0, 1;
    %assign/vec4 v0000017829211c40_0, 0;
    %jmp T_1.6;
T_1.3 ;
    %load/vec4 v0000017829212320_0;
    %assign/vec4 v0000017829211880_0, 0;
    %pushi/vec4 0, 0, 64;
    %assign/vec4 v0000017829211b00_0, 0;
    %pushi/vec4 0, 0, 1;
    %assign/vec4 v0000017829211ba0_0, 0;
    %pushi/vec4 0, 0, 1;
    %assign/vec4 v0000017829211c40_0, 0;
    %jmp T_1.6;
T_1.4 ;
    %load/vec4 v0000017829210c00_0;
    %assign/vec4 v0000017829211b00_0, 0;
    %pushi/vec4 1, 0, 1;
    %assign/vec4 v0000017829211c40_0, 0;
    %load/vec4 v0000017829210ac0_0;
    %assign/vec4 v0000017829210ca0_0, 0;
    %jmp T_1.6;
T_1.5 ;
    %pushi/vec4 1, 0, 1;
    %assign/vec4 v0000017829211ba0_0, 0;
    %jmp T_1.6;
T_1.6 ;
    %pop/vec4 1;
T_1.1 ;
    %jmp T_1;
    .thread T_1;
    .scope S_0000017829182b20;
T_2 ;
    %wait E_00000178291b8d10;
    %load/vec4 v00000178292107a0_0;
    %store/vec4 v00000178292108e0_0, 0, 2;
    %load/vec4 v00000178292107a0_0;
    %dup/vec4;
    %pushi/vec4 0, 0, 2;
    %cmp/u;
    %jmp/1 T_2.0, 6;
    %dup/vec4;
    %pushi/vec4 1, 0, 2;
    %cmp/u;
    %jmp/1 T_2.1, 6;
    %dup/vec4;
    %pushi/vec4 2, 0, 2;
    %cmp/u;
    %jmp/1 T_2.2, 6;
    %dup/vec4;
    %pushi/vec4 3, 0, 2;
    %cmp/u;
    %jmp/1 T_2.3, 6;
    %pushi/vec4 0, 0, 2;
    %store/vec4 v00000178292108e0_0, 0, 2;
    %jmp T_2.5;
T_2.0 ;
    %load/vec4 v0000017829211240_0;
    %flag_set/vec4 8;
    %jmp/0xz  T_2.6, 8;
    %pushi/vec4 1, 0, 2;
    %store/vec4 v00000178292108e0_0, 0, 2;
T_2.6 ;
    %jmp T_2.5;
T_2.1 ;
    %pushi/vec4 2, 0, 2;
    %store/vec4 v00000178292108e0_0, 0, 2;
    %jmp T_2.5;
T_2.2 ;
    %load/vec4 v0000017829211560_0;
    %flag_set/vec4 8;
    %jmp/0xz  T_2.8, 8;
    %pushi/vec4 3, 0, 2;
    %store/vec4 v00000178292108e0_0, 0, 2;
T_2.8 ;
    %jmp T_2.5;
T_2.3 ;
    %load/vec4 v0000017829211240_0;
    %nor/r;
    %flag_set/vec4 8;
    %jmp/0xz  T_2.10, 8;
    %pushi/vec4 0, 0, 2;
    %store/vec4 v00000178292108e0_0, 0, 2;
T_2.10 ;
    %jmp T_2.5;
T_2.5 ;
    %pop/vec4 1;
    %load/vec4 v0000017829211380_0;
    %pad/s 64;
    %ix/load 4, 2, 0;
    %flag_set/imm 4, 0;
    %shiftl 4;
    %store/vec4 v0000017829210840_0, 0, 64;
    %load/vec4 v00000178292112e0_0;
    %load/vec4 v0000017829210840_0;
    %add;
    %pushi/vec4 4294967295, 0, 32;
    %concati/vec4 4294967040, 0, 32;
    %add;
    %store/vec4 v0000017829211ce0_0, 0, 64;
    %jmp T_2;
    .thread T_2, $push;
    .scope S_0000017829182b20;
T_3 ;
    %wait E_00000178291b9050;
    %load/vec4 v00000178292111a0_0;
    %nor/r;
    %flag_set/vec4 8;
    %jmp/0xz  T_3.0, 8;
    %pushi/vec4 0, 0, 2;
    %assign/vec4 v00000178292107a0_0, 0;
    %pushi/vec4 0, 0, 1;
    %assign/vec4 v0000017829211f60_0, 0;
    %pushi/vec4 0, 0, 32;
    %assign/vec4 v0000017829211380_0, 0;
    %pushi/vec4 4294967295, 0, 32;
    %concati/vec4 4294967040, 0, 32;
    %assign/vec4 v0000017829210a20_0, 0;
    %pushi/vec4 0, 0, 1;
    %assign/vec4 v0000017829211560_0, 0;
    %pushi/vec4 0, 0, 1;
    %assign/vec4 v0000017829211e20_0, 0;
    %jmp T_3.1;
T_3.0 ;
    %load/vec4 v00000178292108e0_0;
    %assign/vec4 v00000178292107a0_0, 0;
    %load/vec4 v00000178292107a0_0;
    %dup/vec4;
    %pushi/vec4 0, 0, 2;
    %cmp/u;
    %jmp/1 T_3.2, 6;
    %dup/vec4;
    %pushi/vec4 1, 0, 2;
    %cmp/u;
    %jmp/1 T_3.3, 6;
    %dup/vec4;
    %pushi/vec4 2, 0, 2;
    %cmp/u;
    %jmp/1 T_3.4, 6;
    %dup/vec4;
    %pushi/vec4 3, 0, 2;
    %cmp/u;
    %jmp/1 T_3.5, 6;
    %jmp T_3.6;
T_3.2 ;
    %pushi/vec4 0, 0, 1;
    %assign/vec4 v0000017829211f60_0, 0;
    %pushi/vec4 0, 0, 1;
    %assign/vec4 v0000017829211560_0, 0;
    %jmp T_3.6;
T_3.3 ;
    %load/vec4 v0000017829212280_0;
    %assign/vec4 v0000017829211380_0, 0;
    %pushi/vec4 0, 0, 64;
    %assign/vec4 v0000017829210a20_0, 0;
    %pushi/vec4 0, 0, 1;
    %assign/vec4 v0000017829211f60_0, 0;
    %pushi/vec4 0, 0, 1;
    %assign/vec4 v0000017829211560_0, 0;
    %jmp T_3.6;
T_3.4 ;
    %load/vec4 v0000017829211ce0_0;
    %assign/vec4 v0000017829210a20_0, 0;
    %pushi/vec4 1, 0, 1;
    %assign/vec4 v0000017829211560_0, 0;
    %load/vec4 v0000017829212140_0;
    %assign/vec4 v0000017829211e20_0, 0;
    %jmp T_3.6;
T_3.5 ;
    %pushi/vec4 1, 0, 1;
    %assign/vec4 v0000017829211f60_0, 0;
    %jmp T_3.6;
T_3.6 ;
    %pop/vec4 1;
T_3.1 ;
    %jmp T_3;
    .thread T_3;
    .scope S_00000178291801f0;
T_4 ;
    %wait E_00000178291b9050;
    %load/vec4 v000001782921b8a0_0;
    %nor/r;
    %flag_set/vec4 8;
    %jmp/0xz  T_4.0, 8;
    %pushi/vec4 0, 0, 64;
    %assign/vec4 v000001782921a680_0, 0;
    %pushi/vec4 0, 0, 64;
    %assign/vec4 v000001782921b260_0, 0;
    %jmp T_4.1;
T_4.0 ;
    %load/vec4 v000001782921b620_0;
    %flag_set/vec4 8;
    %jmp/0xz  T_4.2, 8;
    %load/vec4 v000001782921c020_0;
    %assign/vec4 v000001782921a680_0, 0;
T_4.2 ;
    %load/vec4 v000001782921a860_0;
    %flag_set/vec4 8;
    %jmp/0xz  T_4.4, 8;
    %load/vec4 v000001782921b9e0_0;
    %assign/vec4 v000001782921b260_0, 0;
T_4.4 ;
T_4.1 ;
    %jmp T_4;
    .thread T_4;
    .scope S_00000178291801f0;
T_5 ;
    %wait E_00000178291b9050;
    %load/vec4 v000001782921b8a0_0;
    %nor/r;
    %flag_set/vec4 8;
    %jmp/0xz  T_5.0, 8;
    %pushi/vec4 0, 0, 64;
    %assign/vec4 v000001782921a9a0_0, 0;
    %pushi/vec4 0, 0, 64;
    %assign/vec4 v000001782921b1c0_0, 0;
    %pushi/vec4 0, 0, 32;
    %assign/vec4 v000001782921c340_0, 0;
    %pushi/vec4 0, 0, 1;
    %assign/vec4 v000001782921ad60_0, 0;
    %pushi/vec4 0, 0, 1;
    %assign/vec4 v000001782921aa40_0, 0;
    %jmp T_5.1;
T_5.0 ;
    %load/vec4 v000001782921a900_0;
    %flag_set/vec4 8;
    %jmp/0xz  T_5.2, 8;
    %load/vec4 v000001782921c0c0_0;
    %assign/vec4 v000001782921a9a0_0, 0;
    %load/vec4 v000001782921c020_0;
    %assign/vec4 v000001782921b1c0_0, 0;
    %pushi/vec4 1, 0, 1;
    %assign/vec4 v000001782921ad60_0, 0;
    %load/vec4 v000001782921aea0_0;
    %load/vec4 v000001782921b120_0;
    %or;
    %load/vec4 v000001782921bda0_0;
    %or;
    %assign/vec4 v000001782921aa40_0, 0;
    %load/vec4 v000001782921bda0_0;
    %flag_set/vec4 8;
    %jmp/0xz  T_5.4, 8;
    %pushi/vec4 2147483647, 0, 32;
    %assign/vec4 v000001782921c340_0, 0;
    %jmp T_5.5;
T_5.4 ;
    %load/vec4 v000001782921bf80_0;
    %flag_set/vec4 8;
    %jmp/0xz  T_5.6, 8;
    %pushi/vec4 2147483648, 0, 32;
    %assign/vec4 v000001782921c340_0, 0;
    %jmp T_5.7;
T_5.6 ;
    %load/vec4 v000001782921c2a0_0;
    %assign/vec4 v000001782921c340_0, 0;
T_5.7 ;
T_5.5 ;
    %jmp T_5.3;
T_5.2 ;
    %pushi/vec4 0, 0, 1;
    %assign/vec4 v000001782921ad60_0, 0;
T_5.3 ;
T_5.1 ;
    %jmp T_5;
    .thread T_5;
    .scope S_000001782916e950;
T_6 ;
    %wait E_00000178291b9490;
    %load/vec4 v000001782921b4e0_0;
    %store/vec4 v000001782921bd00_0, 0, 3;
    %load/vec4 v000001782921b4e0_0;
    %dup/vec4;
    %pushi/vec4 0, 0, 3;
    %cmp/u;
    %jmp/1 T_6.0, 6;
    %dup/vec4;
    %pushi/vec4 1, 0, 3;
    %cmp/u;
    %jmp/1 T_6.1, 6;
    %dup/vec4;
    %pushi/vec4 2, 0, 3;
    %cmp/u;
    %jmp/1 T_6.2, 6;
    %dup/vec4;
    %pushi/vec4 3, 0, 3;
    %cmp/u;
    %jmp/1 T_6.3, 6;
    %dup/vec4;
    %pushi/vec4 4, 0, 3;
    %cmp/u;
    %jmp/1 T_6.4, 6;
    %jmp T_6.5;
T_6.0 ;
    %load/vec4 v000001782921d630_0;
    %flag_set/vec4 8;
    %jmp/0xz  T_6.6, 8;
    %pushi/vec4 1, 0, 3;
    %store/vec4 v000001782921bd00_0, 0, 3;
T_6.6 ;
    %jmp T_6.5;
T_6.1 ;
    %pushi/vec4 2, 0, 3;
    %store/vec4 v000001782921bd00_0, 0, 3;
    %jmp T_6.5;
T_6.2 ;
    %load/vec4 v000001782921a540_0;
    %flag_set/vec4 8;
    %jmp/0xz  T_6.8, 8;
    %pushi/vec4 3, 0, 3;
    %store/vec4 v000001782921bd00_0, 0, 3;
T_6.8 ;
    %jmp T_6.5;
T_6.3 ;
    %load/vec4 v000001782921bc60_0;
    %pad/u 32;
    %cmpi/e 50, 0, 32;
    %jmp/0xz  T_6.10, 4;
    %pushi/vec4 4, 0, 3;
    %store/vec4 v000001782921bd00_0, 0, 3;
    %jmp T_6.11;
T_6.10 ;
    %pushi/vec4 2, 0, 3;
    %store/vec4 v000001782921bd00_0, 0, 3;
T_6.11 ;
    %jmp T_6.5;
T_6.4 ;
    %load/vec4 v000001782921d630_0;
    %nor/r;
    %flag_set/vec4 8;
    %jmp/0xz  T_6.12, 8;
    %pushi/vec4 0, 0, 3;
    %store/vec4 v000001782921bd00_0, 0, 3;
T_6.12 ;
    %jmp T_6.5;
T_6.5 ;
    %pop/vec4 1;
    %jmp T_6;
    .thread T_6, $push;
    .scope S_000001782916e950;
T_7 ;
    %wait E_00000178291b8990;
    %load/vec4 v000001782921bee0_0;
    %nor/r;
    %flag_set/vec4 8;
    %jmp/0xz  T_7.0, 8;
    %pushi/vec4 0, 0, 3;
    %assign/vec4 v000001782921b4e0_0, 0;
    %pushi/vec4 0, 0, 32;
    %assign/vec4 v000001782921dc70_0, 0;
    %pushi/vec4 0, 0, 32;
    %assign/vec4 v000001782921d450_0, 0;
    %pushi/vec4 0, 0, 32;
    %assign/vec4 v000001782921d1d0_0, 0;
    %pushi/vec4 4294967295, 0, 33;
    %concati/vec4 2147483647, 0, 31;
    %assign/vec4 v000001782921e170_0, 0;
    %pushi/vec4 4294967295, 0, 33;
    %concati/vec4 2147483647, 0, 31;
    %assign/vec4 v000001782921c910_0, 0;
    %pushi/vec4 0, 0, 1;
    %assign/vec4 v000001782921bb20_0, 0;
    %pushi/vec4 0, 0, 6;
    %assign/vec4 v000001782921bc60_0, 0;
    %pushi/vec4 0, 0, 1;
    %assign/vec4 v000001782921b580_0, 0;
    %jmp T_7.1;
T_7.0 ;
    %load/vec4 v000001782921bd00_0;
    %assign/vec4 v000001782921b4e0_0, 0;
    %load/vec4 v000001782921b4e0_0;
    %dup/vec4;
    %pushi/vec4 0, 0, 3;
    %cmp/u;
    %jmp/1 T_7.2, 6;
    %dup/vec4;
    %pushi/vec4 1, 0, 3;
    %cmp/u;
    %jmp/1 T_7.3, 6;
    %dup/vec4;
    %pushi/vec4 2, 0, 3;
    %cmp/u;
    %jmp/1 T_7.4, 6;
    %dup/vec4;
    %pushi/vec4 3, 0, 3;
    %cmp/u;
    %jmp/1 T_7.5, 6;
    %dup/vec4;
    %pushi/vec4 4, 0, 3;
    %cmp/u;
    %jmp/1 T_7.6, 6;
    %jmp T_7.7;
T_7.2 ;
    %pushi/vec4 0, 0, 1;
    %assign/vec4 v000001782921b580_0, 0;
    %pushi/vec4 1, 0, 1;
    %assign/vec4 v000001782921bb20_0, 0;
    %jmp T_7.7;
T_7.3 ;
    %load/vec4 v000001782921df90_0;
    %assign/vec4 v000001782921dc70_0, 0;
    %pushi/vec4 4294967295, 0, 33;
    %concati/vec4 2147483647, 0, 31;
    %assign/vec4 v000001782921e170_0, 0;
    %load/vec4 v000001782921df90_0;
    %assign/vec4 v000001782921d450_0, 0;
    %pushi/vec4 4294967295, 0, 33;
    %concati/vec4 2147483647, 0, 31;
    %assign/vec4 v000001782921c910_0, 0;
    %load/vec4 v000001782921df90_0;
    %assign/vec4 v000001782921d1d0_0, 0;
    %pushi/vec4 0, 0, 6;
    %assign/vec4 v000001782921bc60_0, 0;
    %pushi/vec4 1, 0, 1;
    %assign/vec4 v000001782921e2b0_0, 0;
    %jmp T_7.7;
T_7.4 ;
    %load/vec4 v000001782921a540_0;
    %flag_set/vec4 8;
    %jmp/0xz  T_7.8, 8;
    %load/vec4 v000001782921bc60_0;
    %addi 1, 0, 6;
    %assign/vec4 v000001782921bc60_0, 0;
    %load/vec4 v000001782921d770_0;
    %assign/vec4 v000001782921c910_0, 0;
    %load/vec4 v000001782921dc70_0;
    %assign/vec4 v000001782921d1d0_0, 0;
    %pushi/vec4 0, 0, 1;
    %assign/vec4 v000001782921e2b0_0, 0;
T_7.8 ;
    %jmp T_7.7;
T_7.5 ;
    %load/vec4 v000001782921a4a0_0;
    %flag_set/vec4 8;
    %jmp/0xz  T_7.10, 8;
    %load/vec4 v000001782921c910_0;
    %assign/vec4 v000001782921e170_0, 0;
    %load/vec4 v000001782921d1d0_0;
    %assign/vec4 v000001782921d450_0, 0;
T_7.10 ;
    %load/vec4 v000001782921cf50_0;
    %assign/vec4 v000001782921dc70_0, 0;
    %pushi/vec4 1, 0, 1;
    %assign/vec4 v000001782921e2b0_0, 0;
    %jmp T_7.7;
T_7.6 ;
    %pushi/vec4 1, 0, 1;
    %assign/vec4 v000001782921b580_0, 0;
    %pushi/vec4 0, 0, 1;
    %assign/vec4 v000001782921bb20_0, 0;
    %jmp T_7.7;
T_7.7 ;
    %pop/vec4 1;
T_7.1 ;
    %jmp T_7;
    .thread T_7;
    .scope S_00000178291c0310;
T_8 ;
    %pushi/vec4 0, 0, 1;
    %store/vec4 v000001782921cc30_0, 0, 1;
T_8.0 ;
    %delay 5000, 0;
    %load/vec4 v000001782921cc30_0;
    %inv;
    %store/vec4 v000001782921cc30_0, 0, 1;
    %jmp T_8.0;
    %end;
    .thread T_8;
    .scope S_00000178291c0310;
T_9 ;
    %fork t_1, S_00000178291c04a0;
    %jmp t_0;
    .scope S_00000178291c04a0;
t_1 ;
    %vpi_call/w 3 46 "$dumpfile", "tb_Top.vcd" {0 0 0};
    %vpi_call/w 3 47 "$dumpvars", 32'sb00000000000000000000000000000000, S_00000178291c0310 {0 0 0};
    %pushi/vec4 0, 0, 1;
    %store/vec4 v000001782921ddb0_0, 0, 1;
    %pushi/vec4 0, 0, 1;
    %store/vec4 v000001782921d8b0_0, 0, 1;
    %pushi/vec4 0, 0, 32;
    %store/vec4 v000001782921ceb0_0, 0, 32;
    %pushi/vec4 3489660928, 0, 32;
    %store/vec4 v000001782921cff0_0, 0, 32;
    %vpi_call/w 3 55 "$display", "---------------------------------------------------------" {0 0 0};
    %vpi_call/w 3 56 "$display", "Starting Testbench for Fixed-Point Gradient Descent" {0 0 0};
    %pushi/real 1744830464, 4062; load=0.101562
    %vpi_call/w 3 57 "$display", "Parameters: NUM_ITERATIONS = %0d, LEARNING_RATE = %f", P_00000178291a6dc8, W<0,r> {0 1 0};
    %vpi_call/w 3 59 "$display", "---------------------------------------------------------" {0 0 0};
    %delay 20000, 0;
    %load/vec4 v000001782921cff0_0;
    %store/vec4 v000001782921ceb0_0, 0, 32;
    %pushi/vec4 1, 0, 1;
    %store/vec4 v000001782921ddb0_0, 0, 1;
    %pushi/vec4 1, 0, 1;
    %store/vec4 v000001782921d8b0_0, 0, 1;
T_9.0 ;
    %load/vec4 v000001782921e350_0;
    %pushi/vec4 1, 0, 1;
    %cmp/e;
    %flag_get/vec4 4;
    %cmpi/ne 1, 0, 1;
    %jmp/0xz T_9.1, 6;
    %wait E_00000178291b9310;
    %jmp T_9.0;
T_9.1 ;
    %vpi_func/r 3 67 "$itor", v000001782921cff0_0 {0 0 0};
    %pushi/real 1073741824, 4074; load=256.000
    %div/wr;
    %vpi_call/w 3 67 "$display", "\012--- Test Case %0d: Initial x = %f (Q24.8) ---", v00000178291aafb0_0, W<0,r> {0 1 0};
    %vpi_func/r 3 68 "$itor", v000001782921cff0_0 {0 0 0};
    %pushi/real 1073741824, 4074; load=256.000
    %div/wr;
    %vpi_call/w 3 68 "$display", "Initial X: %f", W<0,r> {0 1 0};
    %vpi_func/r 3 69 "$itor", v000001782921d4f0_0 {0 0 0};
    %pushi/real 1073741824, 4074; load=256.000
    %div/wr;
    %vpi_call/w 3 69 "$display", "Final X at Min: %f (0x%H)", W<0,r>, v000001782921d4f0_0 {0 1 0};
    %vpi_func/r 3 70 "$itor", v000001782921d590_0 {0 0 0};
    %pushi/real 1073741824, 4074; load=256.000
    %div/wr;
    %vpi_call/w 3 70 "$display", "Min Y Value: %f (0x%H)", W<0,r>, v000001782921d590_0 {0 1 0};
    %vpi_call/w 3 76 "$finish" {0 0 0};
    %end;
    .scope S_00000178291c0310;
t_0 %join;
    %end;
    .thread T_9;
# The file index is used to find the file name in the following table.
:file_names 10;
    "N/A";
    "<interactive>";
    "-";
    "tb_Top.v";
    "Top.v";
    "fixed_64_comp.v";
    "func_grad_val_diff.v";
    "func.v";
    "fixed_64_mult.v";
    "fixed_32_mult.v";
