#! /c/Source/iverilog-install/bin/vvp
:ivl_version "12.0 (devel)" "(s20150603-1539-g2693dd32b)";
:ivl_delay_selection "TYPICAL";
:vpi_time_precision - 12;
:vpi_module "C:\iverilog\lib\ivl\system.vpi";
:vpi_module "C:\iverilog\lib\ivl\vhdl_sys.vpi";
:vpi_module "C:\iverilog\lib\ivl\vhdl_textio.vpi";
:vpi_module "C:\iverilog\lib\ivl\v2005_math.vpi";
:vpi_module "C:\iverilog\lib\ivl\va_math.vpi";
:vpi_module "C:\iverilog\lib\ivl\v2009.vpi";
S_000001f7ac445190 .scope package, "$unit" "$unit" 2 1;
 .timescale 0 0;
S_000001f7ac445320 .scope module, "tb_Top" "tb_Top" 3 3;
 .timescale -9 -12;
P_000001f7ac44b510 .param/l "INCREMENT" 0 3 7, C4<00000000000000000000000100000000>;
P_000001f7ac44b548 .param/l "LEARNING_RATE" 0 3 6, C4<00000000000000000000000000100000>;
P_000001f7ac44b580 .param/l "LOOP_COUNT" 0 3 8, +C4<00000000000000000000000000001010>;
P_000001f7ac44b5b8 .param/l "NUM_ITERATIONS" 0 3 5, +C4<00000000000000000000000000011001>;
v000001f7ac4ac1b0_0 .var "clk", 0 0;
v000001f7ac4ac750_0 .net "done_op", 0 0, v000001f7ac4a9de0_0;  1 drivers
v000001f7ac4ac610_0 .var/s "initial_x_in", 31 0;
v000001f7ac4ac250_0 .var "rst_n", 0 0;
v000001f7ac4ab7b0_0 .var "start_op", 0 0;
v000001f7ac4ac110_0 .var/s "test_x_val", 31 0;
v000001f7ac4ab670_0 .net/s "x_at_min", 31 0, v000001f7ac4aab00_0;  1 drivers
v000001f7ac4ab850_0 .net/s "y_min", 63 0, v000001f7ac4ab5d0_0;  1 drivers
S_000001f7ac423ce0 .scope begin, "$unm_blk_41" "$unm_blk_41" 3 43, 3 43 0, S_000001f7ac445320;
 .timescale -9 -12;
v000001f7ac437d40_0 .var/i "i", 31 0;
E_000001f7ac449190 .event anyedge, v000001f7ac4a9de0_0;
S_000001f7ac423e70 .scope module, "uut_top" "Top" 3 26, 4 10 0, S_000001f7ac445320;
 .timescale 0 0;
    .port_info 0 /INPUT 1 "clk";
    .port_info 1 /INPUT 1 "rst_n";
    .port_info 2 /INPUT 1 "start_op";
    .port_info 3 /INPUT 32 "x_init";
    .port_info 4 /OUTPUT 32 "x_at_min";
    .port_info 5 /OUTPUT 64 "y_min";
    .port_info 6 /OUTPUT 1 "done_op";
P_000001f7ac3fe790 .param/l "LEARNING_RATE" 0 4 12, C4<00000000000000000000000000100000>;
P_000001f7ac3fe7c8 .param/l "NUM_ITERATIONS" 0 4 11, +C4<00000000000000000000000000011001>;
P_000001f7ac3fe800 .param/l "STATE_CALL_FUNC" 1 4 45, C4<010>;
P_000001f7ac3fe838 .param/l "STATE_CMP_STR" 1 4 46, C4<011>;
P_000001f7ac3fe870 .param/l "STATE_DONE" 1 4 47, C4<100>;
P_000001f7ac3fe8a8 .param/l "STATE_IDLE" 1 4 43, C4<000>;
P_000001f7ac3fe8e0 .param/l "STATE_INIT" 1 4 44, C4<001>;
v000001f7ac4aa240_0 .net "clk", 0 0, v000001f7ac4ac1b0_0;  1 drivers
v000001f7ac4a9660_0 .net "comp_result", 0 0, L_000001f7ac4ac430;  1 drivers
v000001f7ac4a9d40_0 .var "current_state", 2 0;
v000001f7ac4a9de0_0 .var "done_op", 0 0;
v000001f7ac4a9f20_0 .net "func_done", 0 0, v000001f7ac4a9a20_0;  1 drivers
v000001f7ac4aa880_0 .var "iter_count", 4 0;
v000001f7ac4aa4c0_0 .var "next_state", 2 0;
v000001f7ac4aa920_0 .net "rst_n", 0 0, v000001f7ac4ac250_0;  1 drivers
v000001f7ac4aa100_0 .var "start_func", 0 0;
v000001f7ac4aaa60_0 .net "start_op", 0 0, v000001f7ac4ab7b0_0;  1 drivers
v000001f7ac4aab00_0 .var/s "x_at_min", 31 0;
v000001f7ac4aaba0_0 .var/s "x_at_min_inter", 31 0;
v000001f7ac4aac40_0 .net "x_diff_out", 31 0, v000001f7ac4aa1a0_0;  1 drivers
v000001f7ac4ab990_0 .var/s "x_in", 31 0;
v000001f7ac4ab350_0 .net/s "x_init", 31 0, v000001f7ac4ac610_0;  1 drivers
v000001f7ac4ac070_0 .net "x_next_val", 31 0, L_000001f7ac4ab710;  1 drivers
v000001f7ac4ab5d0_0 .var/s "y_min", 63 0;
v000001f7ac4ac6b0_0 .var/s "y_min_inter", 63 0;
v000001f7ac4ac570_0 .net "y_out", 63 0, v000001f7ac4a98e0_0;  1 drivers
E_000001f7ac449b10 .event anyedge, v000001f7ac4a9d40_0, v000001f7ac4aaa60_0, v000001f7ac4a9a20_0, v000001f7ac4aa880_0;
L_000001f7ac4ab710 .arith/sub 32, v000001f7ac4ab990_0, v000001f7ac4aa1a0_0;
S_000001f7ac3fe920 .scope module, "compare" "fixed_64_comp" 4 152, 5 1 0, S_000001f7ac423e70;
 .timescale 0 0;
    .port_info 0 /INPUT 64 "a_in";
    .port_info 1 /INPUT 64 "b_in";
    .port_info 2 /OUTPUT 1 "comp_result";
v000001f7ac4386a0_0 .net/s "a_in", 63 0, v000001f7ac4ac6b0_0;  1 drivers
v000001f7ac438740_0 .net/s "b_in", 63 0, v000001f7ac4ab5d0_0;  alias, 1 drivers
v000001f7ac437f20_0 .net "comp_result", 0 0, L_000001f7ac4ac430;  alias, 1 drivers
L_000001f7ac4ac430 .cmp/gt.s 64, v000001f7ac4ab5d0_0, v000001f7ac4ac6b0_0;
S_000001f7ac40cd10 .scope module, "inst" "func_grad_val_diff" 4 141, 6 1 0, S_000001f7ac423e70;
 .timescale 0 0;
    .port_info 0 /INPUT 1 "clk";
    .port_info 1 /INPUT 1 "rst_n";
    .port_info 2 /INPUT 1 "start_func";
    .port_info 3 /INPUT 32 "x_in";
    .port_info 4 /OUTPUT 64 "gradient";
    .port_info 5 /OUTPUT 64 "value";
    .port_info 6 /OUTPUT 32 "x_diff_out";
    .port_info 7 /OUTPUT 1 "func_done";
    .port_info 8 /OUTPUT 1 "overflow";
P_000001f7ac42d380 .param/l "LEARNING_RATE" 1 6 13, C4<00000000000000000000000010000000>;
P_000001f7ac42d3b8 .param/l "TWO_H" 1 6 12, C4<00000000000000000000000000000010>;
L_000001f7ac3f1380 .functor AND 1, v000001f7ac49faa0_0, v000001f7ac49f5a0_0, C4<1>, C4<1>;
L_000001f7ac540088 .functor BUFT 1, C4<00000000000000000000000000000010>, C4<0>, C4<0>, C4<0>;
v000001f7ac4a9700_0 .net/2u *"_ivl_0", 31 0, L_000001f7ac540088;  1 drivers
L_000001f7ac5400d0 .functor BUFT 1, C4<0000000>, C4<0>, C4<0>, C4<0>;
v000001f7ac4a9480_0 .net *"_ivl_10", 6 0, L_000001f7ac5400d0;  1 drivers
v000001f7ac4aa060_0 .net/s *"_ivl_4", 63 0, L_000001f7ac4abd50;  1 drivers
v000001f7ac4a9840_0 .net *"_ivl_8", 56 0, L_000001f7ac4aaf90;  1 drivers
v000001f7ac4aa740_0 .net "all_funcs_done", 0 0, L_000001f7ac3f1380;  1 drivers
v000001f7ac4a8f80_0 .net "clk", 0 0, v000001f7ac4ac1b0_0;  alias, 1 drivers
v000001f7ac4a9160_0 .net "func1_done", 0 0, v000001f7ac49faa0_0;  1 drivers
v000001f7ac4aad80_0 .net "func2_done", 0 0, v000001f7ac49f5a0_0;  1 drivers
v000001f7ac4a9a20_0 .var "func_done", 0 0;
v000001f7ac4a9020_0 .var/s "gradient", 63 0;
v000001f7ac4aa560_0 .net/s "gradient_intermediate", 63 0, L_000001f7ac4abdf0;  1 drivers
v000001f7ac4a9200_0 .var "overflow", 0 0;
v000001f7ac4aa420_0 .net "overflow1", 0 0, v000001f7ac4a0040_0;  1 drivers
v000001f7ac4a9520_0 .net "overflow2", 0 0, v000001f7ac49f6e0_0;  1 drivers
v000001f7ac4a92a0_0 .net "overflow_mult", 0 0, L_000001f7ac3f1230;  1 drivers
v000001f7ac4aa2e0_0 .net "rst_n", 0 0, v000001f7ac4ac250_0;  alias, 1 drivers
v000001f7ac4a9340_0 .net "start_func", 0 0, v000001f7ac4aa100_0;  1 drivers
v000001f7ac4a9b60_0 .net "underflow_mult", 0 0, L_000001f7ac3f0f20;  1 drivers
v000001f7ac4a95c0_0 .net/s "val1", 63 0, v000001f7ac4a04a0_0;  1 drivers
v000001f7ac4a9c00_0 .net/s "val2", 63 0, v000001f7ac4a0900_0;  1 drivers
v000001f7ac4a98e0_0 .var/s "value", 63 0;
v000001f7ac4a9ac0_0 .net/s "x_diff", 31 0, L_000001f7ac4ab2b0;  1 drivers
v000001f7ac4aa1a0_0 .var/s "x_diff_out", 31 0;
v000001f7ac4a9fc0_0 .net/s "x_in", 31 0, v000001f7ac4ab990_0;  1 drivers
v000001f7ac4a9ca0_0 .net/s "x_in_minus_2H", 31 0, L_000001f7ac4abfd0;  1 drivers
L_000001f7ac4abfd0 .arith/sub 32, v000001f7ac4ab990_0, L_000001f7ac540088;
L_000001f7ac4abd50 .arith/sub 64, v000001f7ac4a04a0_0, v000001f7ac4a0900_0;
L_000001f7ac4aaf90 .part L_000001f7ac4abd50, 0, 57;
L_000001f7ac4abdf0 .concat [ 7 57 0 0], L_000001f7ac5400d0, L_000001f7ac4aaf90;
L_000001f7ac4acc50 .part L_000001f7ac4abdf0, 0, 32;
S_000001f7ac49ece0 .scope module, "func_val" "func" 6 30, 7 1 0, S_000001f7ac40cd10;
 .timescale 0 0;
    .port_info 0 /INPUT 1 "clk";
    .port_info 1 /INPUT 1 "rst_n";
    .port_info 2 /INPUT 1 "start_func";
    .port_info 3 /INPUT 32 "x_in";
    .port_info 4 /OUTPUT 64 "y_out";
    .port_info 5 /OUTPUT 1 "func_done";
    .port_info 6 /OUTPUT 1 "overflow";
P_000001f7ac42ed40 .param/l "MINUS_ONE" 1 7 17, C4<1111111111111111111111111111111111111111111111111111111100000000>;
P_000001f7ac42ed78 .param/l "STATE_COMPUTE" 1 7 15, C4<10>;
P_000001f7ac42edb0 .param/l "STATE_DONE" 1 7 16, C4<11>;
P_000001f7ac42ede8 .param/l "STATE_IDLE" 1 7 13, C4<00>;
P_000001f7ac42ee20 .param/l "STATE_INIT" 1 7 14, C4<01>;
v000001f7ac4a00e0_0 .net "clk", 0 0, v000001f7ac4ac1b0_0;  alias, 1 drivers
v000001f7ac49fe60_0 .var "compute_done", 0 0;
v000001f7ac4a0180_0 .var/s "compute_result", 63 0;
v000001f7ac4a0720_0 .var "curr_state", 1 0;
v000001f7ac49f460_0 .var/s "four_x", 63 0;
v000001f7ac49faa0_0 .var "func_done", 0 0;
v000001f7ac49ef60_0 .var "next_state", 1 0;
v000001f7ac4a0040_0 .var "overflow", 0 0;
L_000001f7ac540118 .functor BUFT 1, C4<0>, C4<0>, C4<0>, C4<0>;
v000001f7ac4a0b80_0 .net "overflow_x_square", 0 0, L_000001f7ac540118;  1 drivers
v000001f7ac49f280_0 .net "rst_n", 0 0, v000001f7ac4ac250_0;  alias, 1 drivers
v000001f7ac4a0ae0_0 .net "start_func", 0 0, v000001f7ac4aa100_0;  alias, 1 drivers
v000001f7ac4a0220_0 .net/s "x_in", 31 0, v000001f7ac4ab990_0;  alias, 1 drivers
v000001f7ac49f140_0 .net/s "x_square", 63 0, L_000001f7ac4ac7f0;  1 drivers
v000001f7ac49fc80_0 .var/s "x_val", 31 0;
v000001f7ac4a04a0_0 .var/s "y_out", 63 0;
E_000001f7ac449f10/0 .event negedge, v000001f7ac49f280_0;
E_000001f7ac449f10/1 .event posedge, v000001f7ac4a00e0_0;
E_000001f7ac449f10 .event/or E_000001f7ac449f10/0, E_000001f7ac449f10/1;
E_000001f7ac449cd0/0 .event anyedge, v000001f7ac4a0720_0, v000001f7ac4a0ae0_0, v000001f7ac49fe60_0, v000001f7ac49fb40_0;
E_000001f7ac449cd0/1 .event anyedge, v000001f7ac4a0860_0, v000001f7ac49f460_0;
E_000001f7ac449cd0 .event/or E_000001f7ac449cd0/0, E_000001f7ac449cd0/1;
S_000001f7ac40cea0 .scope module, "inst" "fixed_64_mult" 7 76, 8 1 0, S_000001f7ac49ece0;
 .timescale 0 0;
    .port_info 0 /INPUT 32 "a_in";
    .port_info 1 /INPUT 32 "b_in";
    .port_info 2 /OUTPUT 64 "p_out";
    .port_info 3 /OUTPUT 1 "overflow";
P_000001f7ac4491d0 .param/l "FRACT_BITS" 1 8 8, +C4<00000000000000000000000000001000>;
v000001f7ac437fc0_0 .net/s *"_ivl_0", 63 0, L_000001f7ac4abe90;  1 drivers
v000001f7ac438100_0 .net/s *"_ivl_2", 63 0, L_000001f7ac4ac2f0;  1 drivers
v000001f7ac4381a0_0 .net *"_ivl_8", 55 0, L_000001f7ac4ac390;  1 drivers
v000001f7ac49fb40_0 .net/s "a_in", 31 0, v000001f7ac49fc80_0;  1 drivers
v000001f7ac49f780_0 .net/s "b_in", 31 0, v000001f7ac49fc80_0;  alias, 1 drivers
v000001f7ac49f3c0_0 .net "overflow", 0 0, L_000001f7ac540118;  alias, 1 drivers
v000001f7ac4a0860_0 .net/s "p_out", 63 0, L_000001f7ac4ac7f0;  alias, 1 drivers
v000001f7ac4a0680_0 .net/s "product_full", 63 0, L_000001f7ac4acbb0;  1 drivers
L_000001f7ac4abe90 .extend/s 64, v000001f7ac49fc80_0;
L_000001f7ac4ac2f0 .extend/s 64, v000001f7ac49fc80_0;
L_000001f7ac4acbb0 .arith/mult 64, L_000001f7ac4abe90, L_000001f7ac4ac2f0;
L_000001f7ac4ac390 .part L_000001f7ac4acbb0, 8, 56;
L_000001f7ac4ac7f0 .extend/s 64, L_000001f7ac4ac390;
S_000001f7ac40dfb0 .scope module, "inst2" "func" 6 40, 7 1 0, S_000001f7ac40cd10;
 .timescale 0 0;
    .port_info 0 /INPUT 1 "clk";
    .port_info 1 /INPUT 1 "rst_n";
    .port_info 2 /INPUT 1 "start_func";
    .port_info 3 /INPUT 32 "x_in";
    .port_info 4 /OUTPUT 64 "y_out";
    .port_info 5 /OUTPUT 1 "func_done";
    .port_info 6 /OUTPUT 1 "overflow";
P_000001f7ac42f880 .param/l "MINUS_ONE" 1 7 17, C4<1111111111111111111111111111111111111111111111111111111100000000>;
P_000001f7ac42f8b8 .param/l "STATE_COMPUTE" 1 7 15, C4<10>;
P_000001f7ac42f8f0 .param/l "STATE_DONE" 1 7 16, C4<11>;
P_000001f7ac42f928 .param/l "STATE_IDLE" 1 7 13, C4<00>;
P_000001f7ac42f960 .param/l "STATE_INIT" 1 7 14, C4<01>;
v000001f7ac49ff00_0 .net "clk", 0 0, v000001f7ac4ac1b0_0;  alias, 1 drivers
v000001f7ac49f8c0_0 .var "compute_done", 0 0;
v000001f7ac49f820_0 .var/s "compute_result", 63 0;
v000001f7ac49ffa0_0 .var "curr_state", 1 0;
v000001f7ac49f500_0 .var/s "four_x", 63 0;
v000001f7ac49f5a0_0 .var "func_done", 0 0;
v000001f7ac49fbe0_0 .var "next_state", 1 0;
v000001f7ac49f6e0_0 .var "overflow", 0 0;
L_000001f7ac540160 .functor BUFT 1, C4<0>, C4<0>, C4<0>, C4<0>;
v000001f7ac4a02c0_0 .net "overflow_x_square", 0 0, L_000001f7ac540160;  1 drivers
v000001f7ac4a0d60_0 .net "rst_n", 0 0, v000001f7ac4ac250_0;  alias, 1 drivers
v000001f7ac49f640_0 .net "start_func", 0 0, v000001f7ac4aa100_0;  alias, 1 drivers
v000001f7ac4a0c20_0 .net/s "x_in", 31 0, L_000001f7ac4abfd0;  alias, 1 drivers
v000001f7ac49f960_0 .net/s "x_square", 63 0, L_000001f7ac4abad0;  1 drivers
v000001f7ac4a0360_0 .var/s "x_val", 31 0;
v000001f7ac4a0900_0 .var/s "y_out", 63 0;
E_000001f7ac4498d0/0 .event anyedge, v000001f7ac49ffa0_0, v000001f7ac4a0ae0_0, v000001f7ac49f8c0_0, v000001f7ac49f1e0_0;
E_000001f7ac4498d0/1 .event anyedge, v000001f7ac49eec0_0, v000001f7ac49f500_0;
E_000001f7ac4498d0 .event/or E_000001f7ac4498d0/0, E_000001f7ac4498d0/1;
S_000001f7ac40e140 .scope module, "inst" "fixed_64_mult" 7 76, 8 1 0, S_000001f7ac40dfb0;
 .timescale 0 0;
    .port_info 0 /INPUT 32 "a_in";
    .port_info 1 /INPUT 32 "b_in";
    .port_info 2 /OUTPUT 64 "p_out";
    .port_info 3 /OUTPUT 1 "overflow";
P_000001f7ac449210 .param/l "FRACT_BITS" 1 8 8, +C4<00000000000000000000000000001000>;
v000001f7ac4a05e0_0 .net/s *"_ivl_0", 63 0, L_000001f7ac4ab030;  1 drivers
v000001f7ac49fd20_0 .net/s *"_ivl_2", 63 0, L_000001f7ac4ab170;  1 drivers
v000001f7ac4a0cc0_0 .net *"_ivl_8", 55 0, L_000001f7ac4ab0d0;  1 drivers
v000001f7ac49f1e0_0 .net/s "a_in", 31 0, v000001f7ac4a0360_0;  1 drivers
v000001f7ac4a07c0_0 .net/s "b_in", 31 0, v000001f7ac4a0360_0;  alias, 1 drivers
v000001f7ac49fdc0_0 .net "overflow", 0 0, L_000001f7ac540160;  alias, 1 drivers
v000001f7ac49eec0_0 .net/s "p_out", 63 0, L_000001f7ac4abad0;  alias, 1 drivers
v000001f7ac4a0a40_0 .net/s "product_full", 63 0, L_000001f7ac4abb70;  1 drivers
L_000001f7ac4ab030 .extend/s 64, v000001f7ac4a0360_0;
L_000001f7ac4ab170 .extend/s 64, v000001f7ac4a0360_0;
L_000001f7ac4abb70 .arith/mult 64, L_000001f7ac4ab030, L_000001f7ac4ab170;
L_000001f7ac4ab0d0 .part L_000001f7ac4abb70, 8, 56;
L_000001f7ac4abad0 .extend/s 64, L_000001f7ac4ab0d0;
S_000001f7ac411490 .scope module, "inst_diff" "fixed_32_mult" 6 50, 9 1 0, S_000001f7ac40cd10;
 .timescale 0 0;
    .port_info 0 /INPUT 32 "a_in";
    .port_info 1 /INPUT 32 "b_in";
    .port_info 2 /OUTPUT 32 "p_out";
    .port_info 3 /OUTPUT 1 "overflow";
    .port_info 4 /OUTPUT 1 "underflow_q";
P_000001f7ac449a10 .param/l "FRACT_BITS" 1 9 9, +C4<00000000000000000000000000001000>;
L_000001f7ac5401a8 .functor BUFT 1, C4<0>, C4<0>, C4<0>, C4<0>;
L_000001f7ac3f0890 .functor XNOR 1, L_000001f7ac4aaef0, L_000001f7ac5401a8, C4<0>, C4<0>;
L_000001f7ac3f1230 .functor AND 1, L_000001f7ac3f0890, L_000001f7ac4abf30, C4<1>, C4<1>;
L_000001f7ac5401f0 .functor BUFT 1, C4<1>, C4<0>, C4<0>, C4<0>;
L_000001f7ac3f0c80 .functor XNOR 1, L_000001f7ac4aaef0, L_000001f7ac5401f0, C4<0>, C4<0>;
L_000001f7ac3f0d60 .functor NOT 1, L_000001f7ac4acb10, C4<0>, C4<0>, C4<0>;
L_000001f7ac3f0f20 .functor AND 1, L_000001f7ac3f0c80, L_000001f7ac3f0d60, C4<1>, C4<1>;
v000001f7ac49fa00_0 .net/s *"_ivl_0", 63 0, L_000001f7ac4ab210;  1 drivers
v000001f7ac49f000_0 .net/2u *"_ivl_16", 0 0, L_000001f7ac5401a8;  1 drivers
v000001f7ac49f320_0 .net *"_ivl_18", 0 0, L_000001f7ac3f0890;  1 drivers
v000001f7ac49f0a0_0 .net/s *"_ivl_2", 63 0, L_000001f7ac4abc10;  1 drivers
v000001f7ac4a0400_0 .net *"_ivl_21", 0 0, L_000001f7ac4abf30;  1 drivers
v000001f7ac4a0540_0 .net/2u *"_ivl_24", 0 0, L_000001f7ac5401f0;  1 drivers
v000001f7ac4a09a0_0 .net *"_ivl_26", 0 0, L_000001f7ac3f0c80;  1 drivers
v000001f7ac4a90c0_0 .net *"_ivl_29", 0 0, L_000001f7ac4acb10;  1 drivers
v000001f7ac4aa6a0_0 .net *"_ivl_30", 0 0, L_000001f7ac3f0d60;  1 drivers
v000001f7ac4a97a0_0 .net *"_ivl_6", 63 0, L_000001f7ac4abcb0;  1 drivers
v000001f7ac4aace0_0 .net *"_ivl_8", 55 0, L_000001f7ac4ac9d0;  1 drivers
L_000001f7ac540238 .functor BUFT 1, C4<00000000000000000000000010000000>, C4<0>, C4<0>, C4<0>;
v000001f7ac4aa7e0_0 .net/s "a_in", 31 0, L_000001f7ac540238;  1 drivers
v000001f7ac4a8ee0_0 .net/s "b_in", 31 0, L_000001f7ac4acc50;  1 drivers
v000001f7ac4a93e0_0 .net "expected_sign", 0 0, L_000001f7ac4aaef0;  1 drivers
v000001f7ac4a9e80_0 .net "msb_of_product_full", 23 0, L_000001f7ac4aca70;  1 drivers
v000001f7ac4aa380_0 .net "overflow", 0 0, L_000001f7ac3f1230;  alias, 1 drivers
v000001f7ac4aa9c0_0 .net/s "p_out", 31 0, L_000001f7ac4ab2b0;  alias, 1 drivers
v000001f7ac4a9980_0 .net/s "product_full", 63 0, L_000001f7ac4aba30;  1 drivers
v000001f7ac4aa600_0 .net "underflow_q", 0 0, L_000001f7ac3f0f20;  alias, 1 drivers
L_000001f7ac4ab210 .extend/s 64, L_000001f7ac540238;
L_000001f7ac4abc10 .extend/s 64, L_000001f7ac4acc50;
L_000001f7ac4aba30 .arith/mult 64, L_000001f7ac4ab210, L_000001f7ac4abc10;
L_000001f7ac4ac9d0 .part L_000001f7ac4aba30, 8, 56;
L_000001f7ac4abcb0 .extend/s 64, L_000001f7ac4ac9d0;
L_000001f7ac4ab2b0 .part L_000001f7ac4abcb0, 0, 32;
L_000001f7ac4aaef0 .part L_000001f7ac4ab2b0, 31, 1;
L_000001f7ac4aca70 .part L_000001f7ac4aba30, 40, 24;
L_000001f7ac4abf30 .reduce/or L_000001f7ac4aca70;
L_000001f7ac4acb10 .reduce/and L_000001f7ac4aca70;
    .scope S_000001f7ac49ece0;
T_0 ;
    %wait E_000001f7ac449cd0;
    %load/vec4 v000001f7ac4a0720_0;
    %store/vec4 v000001f7ac49ef60_0, 0, 2;
    %load/vec4 v000001f7ac4a0720_0;
    %dup/vec4;
    %pushi/vec4 0, 0, 2;
    %cmp/u;
    %jmp/1 T_0.0, 6;
    %dup/vec4;
    %pushi/vec4 1, 0, 2;
    %cmp/u;
    %jmp/1 T_0.1, 6;
    %dup/vec4;
    %pushi/vec4 2, 0, 2;
    %cmp/u;
    %jmp/1 T_0.2, 6;
    %dup/vec4;
    %pushi/vec4 3, 0, 2;
    %cmp/u;
    %jmp/1 T_0.3, 6;
    %pushi/vec4 0, 0, 2;
    %store/vec4 v000001f7ac49ef60_0, 0, 2;
    %jmp T_0.5;
T_0.0 ;
    %load/vec4 v000001f7ac4a0ae0_0;
    %flag_set/vec4 8;
    %jmp/0xz  T_0.6, 8;
    %pushi/vec4 1, 0, 2;
    %store/vec4 v000001f7ac49ef60_0, 0, 2;
T_0.6 ;
    %jmp T_0.5;
T_0.1 ;
    %pushi/vec4 2, 0, 2;
    %store/vec4 v000001f7ac49ef60_0, 0, 2;
    %jmp T_0.5;
T_0.2 ;
    %load/vec4 v000001f7ac49fe60_0;
    %flag_set/vec4 8;
    %jmp/0xz  T_0.8, 8;
    %pushi/vec4 3, 0, 2;
    %store/vec4 v000001f7ac49ef60_0, 0, 2;
T_0.8 ;
    %jmp T_0.5;
T_0.3 ;
    %load/vec4 v000001f7ac4a0ae0_0;
    %nor/r;
    %flag_set/vec4 8;
    %jmp/0xz  T_0.10, 8;
    %pushi/vec4 0, 0, 2;
    %store/vec4 v000001f7ac49ef60_0, 0, 2;
T_0.10 ;
    %jmp T_0.5;
T_0.5 ;
    %pop/vec4 1;
    %load/vec4 v000001f7ac49fc80_0;
    %pad/s 64;
    %ix/load 4, 2, 0;
    %flag_set/imm 4, 0;
    %shiftl 4;
    %store/vec4 v000001f7ac49f460_0, 0, 64;
    %load/vec4 v000001f7ac49f140_0;
    %load/vec4 v000001f7ac49f460_0;
    %add;
    %pushi/vec4 4294967295, 0, 32;
    %concati/vec4 4294967040, 0, 32;
    %add;
    %store/vec4 v000001f7ac4a0180_0, 0, 64;
    %jmp T_0;
    .thread T_0, $push;
    .scope S_000001f7ac49ece0;
T_1 ;
    %wait E_000001f7ac449f10;
    %load/vec4 v000001f7ac49f280_0;
    %nor/r;
    %flag_set/vec4 8;
    %jmp/0xz  T_1.0, 8;
    %pushi/vec4 0, 0, 2;
    %assign/vec4 v000001f7ac4a0720_0, 0;
    %pushi/vec4 0, 0, 1;
    %assign/vec4 v000001f7ac49faa0_0, 0;
    %pushi/vec4 0, 0, 32;
    %assign/vec4 v000001f7ac49fc80_0, 0;
    %pushi/vec4 0, 0, 64;
    %assign/vec4 v000001f7ac4a04a0_0, 0;
    %pushi/vec4 0, 0, 1;
    %assign/vec4 v000001f7ac49fe60_0, 0;
    %pushi/vec4 0, 0, 1;
    %assign/vec4 v000001f7ac4a0040_0, 0;
    %jmp T_1.1;
T_1.0 ;
    %load/vec4 v000001f7ac49ef60_0;
    %assign/vec4 v000001f7ac4a0720_0, 0;
    %load/vec4 v000001f7ac4a0720_0;
    %dup/vec4;
    %pushi/vec4 0, 0, 2;
    %cmp/u;
    %jmp/1 T_1.2, 6;
    %dup/vec4;
    %pushi/vec4 1, 0, 2;
    %cmp/u;
    %jmp/1 T_1.3, 6;
    %dup/vec4;
    %pushi/vec4 2, 0, 2;
    %cmp/u;
    %jmp/1 T_1.4, 6;
    %dup/vec4;
    %pushi/vec4 3, 0, 2;
    %cmp/u;
    %jmp/1 T_1.5, 6;
    %jmp T_1.6;
T_1.2 ;
    %pushi/vec4 0, 0, 1;
    %assign/vec4 v000001f7ac49faa0_0, 0;
    %pushi/vec4 0, 0, 1;
    %assign/vec4 v000001f7ac49fe60_0, 0;
    %jmp T_1.6;
T_1.3 ;
    %load/vec4 v000001f7ac4a0220_0;
    %assign/vec4 v000001f7ac49fc80_0, 0;
    %pushi/vec4 0, 0, 64;
    %assign/vec4 v000001f7ac4a04a0_0, 0;
    %pushi/vec4 0, 0, 1;
    %assign/vec4 v000001f7ac49faa0_0, 0;
    %pushi/vec4 0, 0, 1;
    %assign/vec4 v000001f7ac49fe60_0, 0;
    %jmp T_1.6;
T_1.4 ;
    %load/vec4 v000001f7ac4a0180_0;
    %assign/vec4 v000001f7ac4a04a0_0, 0;
    %pushi/vec4 1, 0, 1;
    %assign/vec4 v000001f7ac49fe60_0, 0;
    %load/vec4 v000001f7ac4a0b80_0;
    %assign/vec4 v000001f7ac4a0040_0, 0;
    %jmp T_1.6;
T_1.5 ;
    %pushi/vec4 1, 0, 1;
    %assign/vec4 v000001f7ac49faa0_0, 0;
    %jmp T_1.6;
T_1.6 ;
    %pop/vec4 1;
T_1.1 ;
    %jmp T_1;
    .thread T_1;
    .scope S_000001f7ac40dfb0;
T_2 ;
    %wait E_000001f7ac4498d0;
    %load/vec4 v000001f7ac49ffa0_0;
    %store/vec4 v000001f7ac49fbe0_0, 0, 2;
    %load/vec4 v000001f7ac49ffa0_0;
    %dup/vec4;
    %pushi/vec4 0, 0, 2;
    %cmp/u;
    %jmp/1 T_2.0, 6;
    %dup/vec4;
    %pushi/vec4 1, 0, 2;
    %cmp/u;
    %jmp/1 T_2.1, 6;
    %dup/vec4;
    %pushi/vec4 2, 0, 2;
    %cmp/u;
    %jmp/1 T_2.2, 6;
    %dup/vec4;
    %pushi/vec4 3, 0, 2;
    %cmp/u;
    %jmp/1 T_2.3, 6;
    %pushi/vec4 0, 0, 2;
    %store/vec4 v000001f7ac49fbe0_0, 0, 2;
    %jmp T_2.5;
T_2.0 ;
    %load/vec4 v000001f7ac49f640_0;
    %flag_set/vec4 8;
    %jmp/0xz  T_2.6, 8;
    %pushi/vec4 1, 0, 2;
    %store/vec4 v000001f7ac49fbe0_0, 0, 2;
T_2.6 ;
    %jmp T_2.5;
T_2.1 ;
    %pushi/vec4 2, 0, 2;
    %store/vec4 v000001f7ac49fbe0_0, 0, 2;
    %jmp T_2.5;
T_2.2 ;
    %load/vec4 v000001f7ac49f8c0_0;
    %flag_set/vec4 8;
    %jmp/0xz  T_2.8, 8;
    %pushi/vec4 3, 0, 2;
    %store/vec4 v000001f7ac49fbe0_0, 0, 2;
T_2.8 ;
    %jmp T_2.5;
T_2.3 ;
    %load/vec4 v000001f7ac49f640_0;
    %nor/r;
    %flag_set/vec4 8;
    %jmp/0xz  T_2.10, 8;
    %pushi/vec4 0, 0, 2;
    %store/vec4 v000001f7ac49fbe0_0, 0, 2;
T_2.10 ;
    %jmp T_2.5;
T_2.5 ;
    %pop/vec4 1;
    %load/vec4 v000001f7ac4a0360_0;
    %pad/s 64;
    %ix/load 4, 2, 0;
    %flag_set/imm 4, 0;
    %shiftl 4;
    %store/vec4 v000001f7ac49f500_0, 0, 64;
    %load/vec4 v000001f7ac49f960_0;
    %load/vec4 v000001f7ac49f500_0;
    %add;
    %pushi/vec4 4294967295, 0, 32;
    %concati/vec4 4294967040, 0, 32;
    %add;
    %store/vec4 v000001f7ac49f820_0, 0, 64;
    %jmp T_2;
    .thread T_2, $push;
    .scope S_000001f7ac40dfb0;
T_3 ;
    %wait E_000001f7ac449f10;
    %load/vec4 v000001f7ac4a0d60_0;
    %nor/r;
    %flag_set/vec4 8;
    %jmp/0xz  T_3.0, 8;
    %pushi/vec4 0, 0, 2;
    %assign/vec4 v000001f7ac49ffa0_0, 0;
    %pushi/vec4 0, 0, 1;
    %assign/vec4 v000001f7ac49f5a0_0, 0;
    %pushi/vec4 0, 0, 32;
    %assign/vec4 v000001f7ac4a0360_0, 0;
    %pushi/vec4 0, 0, 64;
    %assign/vec4 v000001f7ac4a0900_0, 0;
    %pushi/vec4 0, 0, 1;
    %assign/vec4 v000001f7ac49f8c0_0, 0;
    %pushi/vec4 0, 0, 1;
    %assign/vec4 v000001f7ac49f6e0_0, 0;
    %jmp T_3.1;
T_3.0 ;
    %load/vec4 v000001f7ac49fbe0_0;
    %assign/vec4 v000001f7ac49ffa0_0, 0;
    %load/vec4 v000001f7ac49ffa0_0;
    %dup/vec4;
    %pushi/vec4 0, 0, 2;
    %cmp/u;
    %jmp/1 T_3.2, 6;
    %dup/vec4;
    %pushi/vec4 1, 0, 2;
    %cmp/u;
    %jmp/1 T_3.3, 6;
    %dup/vec4;
    %pushi/vec4 2, 0, 2;
    %cmp/u;
    %jmp/1 T_3.4, 6;
    %dup/vec4;
    %pushi/vec4 3, 0, 2;
    %cmp/u;
    %jmp/1 T_3.5, 6;
    %jmp T_3.6;
T_3.2 ;
    %pushi/vec4 0, 0, 1;
    %assign/vec4 v000001f7ac49f5a0_0, 0;
    %pushi/vec4 0, 0, 1;
    %assign/vec4 v000001f7ac49f8c0_0, 0;
    %jmp T_3.6;
T_3.3 ;
    %load/vec4 v000001f7ac4a0c20_0;
    %assign/vec4 v000001f7ac4a0360_0, 0;
    %pushi/vec4 0, 0, 64;
    %assign/vec4 v000001f7ac4a0900_0, 0;
    %pushi/vec4 0, 0, 1;
    %assign/vec4 v000001f7ac49f5a0_0, 0;
    %pushi/vec4 0, 0, 1;
    %assign/vec4 v000001f7ac49f8c0_0, 0;
    %jmp T_3.6;
T_3.4 ;
    %load/vec4 v000001f7ac49f820_0;
    %assign/vec4 v000001f7ac4a0900_0, 0;
    %pushi/vec4 1, 0, 1;
    %assign/vec4 v000001f7ac49f8c0_0, 0;
    %load/vec4 v000001f7ac4a02c0_0;
    %assign/vec4 v000001f7ac49f6e0_0, 0;
    %jmp T_3.6;
T_3.5 ;
    %pushi/vec4 1, 0, 1;
    %assign/vec4 v000001f7ac49f5a0_0, 0;
    %jmp T_3.6;
T_3.6 ;
    %pop/vec4 1;
T_3.1 ;
    %jmp T_3;
    .thread T_3;
    .scope S_000001f7ac40cd10;
T_4 ;
    %wait E_000001f7ac449f10;
    %load/vec4 v000001f7ac4aa2e0_0;
    %nor/r;
    %flag_set/vec4 8;
    %jmp/0xz  T_4.0, 8;
    %pushi/vec4 0, 0, 64;
    %assign/vec4 v000001f7ac4a9020_0, 0;
    %pushi/vec4 0, 0, 64;
    %assign/vec4 v000001f7ac4a98e0_0, 0;
    %pushi/vec4 0, 0, 1;
    %assign/vec4 v000001f7ac4a9a20_0, 0;
    %pushi/vec4 0, 0, 1;
    %assign/vec4 v000001f7ac4a9200_0, 0;
    %jmp T_4.1;
T_4.0 ;
    %load/vec4 v000001f7ac4aa740_0;
    %flag_set/vec4 8;
    %jmp/0xz  T_4.2, 8;
    %load/vec4 v000001f7ac4aa560_0;
    %assign/vec4 v000001f7ac4a9020_0, 0;
    %load/vec4 v000001f7ac4a95c0_0;
    %assign/vec4 v000001f7ac4a98e0_0, 0;
    %pushi/vec4 1, 0, 1;
    %assign/vec4 v000001f7ac4a9a20_0, 0;
    %load/vec4 v000001f7ac4aa420_0;
    %load/vec4 v000001f7ac4a9520_0;
    %or;
    %load/vec4 v000001f7ac4a92a0_0;
    %or;
    %assign/vec4 v000001f7ac4a9200_0, 0;
    %load/vec4 v000001f7ac4a92a0_0;
    %flag_set/vec4 8;
    %jmp/0xz  T_4.4, 8;
    %pushi/vec4 2147483647, 0, 32;
    %assign/vec4 v000001f7ac4aa1a0_0, 0;
    %jmp T_4.5;
T_4.4 ;
    %load/vec4 v000001f7ac4a9b60_0;
    %flag_set/vec4 8;
    %jmp/0xz  T_4.6, 8;
    %pushi/vec4 2147483648, 0, 32;
    %assign/vec4 v000001f7ac4aa1a0_0, 0;
    %jmp T_4.7;
T_4.6 ;
    %load/vec4 v000001f7ac4a9ac0_0;
    %assign/vec4 v000001f7ac4aa1a0_0, 0;
T_4.7 ;
T_4.5 ;
    %jmp T_4.3;
T_4.2 ;
    %pushi/vec4 0, 0, 1;
    %assign/vec4 v000001f7ac4a9a20_0, 0;
T_4.3 ;
T_4.1 ;
    %jmp T_4;
    .thread T_4;
    .scope S_000001f7ac423e70;
T_5 ;
    %wait E_000001f7ac449b10;
    %load/vec4 v000001f7ac4a9d40_0;
    %store/vec4 v000001f7ac4aa4c0_0, 0, 3;
    %load/vec4 v000001f7ac4a9d40_0;
    %dup/vec4;
    %pushi/vec4 0, 0, 3;
    %cmp/u;
    %jmp/1 T_5.0, 6;
    %dup/vec4;
    %pushi/vec4 1, 0, 3;
    %cmp/u;
    %jmp/1 T_5.1, 6;
    %dup/vec4;
    %pushi/vec4 2, 0, 3;
    %cmp/u;
    %jmp/1 T_5.2, 6;
    %dup/vec4;
    %pushi/vec4 3, 0, 3;
    %cmp/u;
    %jmp/1 T_5.3, 6;
    %dup/vec4;
    %pushi/vec4 4, 0, 3;
    %cmp/u;
    %jmp/1 T_5.4, 6;
    %jmp T_5.5;
T_5.0 ;
    %load/vec4 v000001f7ac4aaa60_0;
    %flag_set/vec4 8;
    %jmp/0xz  T_5.6, 8;
    %pushi/vec4 1, 0, 3;
    %store/vec4 v000001f7ac4aa4c0_0, 0, 3;
T_5.6 ;
    %jmp T_5.5;
T_5.1 ;
    %pushi/vec4 2, 0, 3;
    %store/vec4 v000001f7ac4aa4c0_0, 0, 3;
    %jmp T_5.5;
T_5.2 ;
    %load/vec4 v000001f7ac4a9f20_0;
    %flag_set/vec4 8;
    %jmp/0xz  T_5.8, 8;
    %pushi/vec4 3, 0, 3;
    %store/vec4 v000001f7ac4aa4c0_0, 0, 3;
T_5.8 ;
    %jmp T_5.5;
T_5.3 ;
    %load/vec4 v000001f7ac4aa880_0;
    %pad/u 32;
    %cmpi/e 25, 0, 32;
    %jmp/0xz  T_5.10, 4;
    %pushi/vec4 4, 0, 3;
    %store/vec4 v000001f7ac4aa4c0_0, 0, 3;
    %jmp T_5.11;
T_5.10 ;
    %pushi/vec4 2, 0, 3;
    %store/vec4 v000001f7ac4aa4c0_0, 0, 3;
T_5.11 ;
    %jmp T_5.5;
T_5.4 ;
    %load/vec4 v000001f7ac4aaa60_0;
    %nor/r;
    %flag_set/vec4 8;
    %jmp/0xz  T_5.12, 8;
    %pushi/vec4 0, 0, 3;
    %store/vec4 v000001f7ac4aa4c0_0, 0, 3;
T_5.12 ;
    %jmp T_5.5;
T_5.5 ;
    %pop/vec4 1;
    %jmp T_5;
    .thread T_5, $push;
    .scope S_000001f7ac423e70;
T_6 ;
    %wait E_000001f7ac449f10;
    %load/vec4 v000001f7ac4aa920_0;
    %nor/r;
    %flag_set/vec4 8;
    %jmp/0xz  T_6.0, 8;
    %pushi/vec4 0, 0, 3;
    %assign/vec4 v000001f7ac4a9d40_0, 0;
    %pushi/vec4 0, 0, 32;
    %assign/vec4 v000001f7ac4ab990_0, 0;
    %pushi/vec4 0, 0, 32;
    %assign/vec4 v000001f7ac4aab00_0, 0;
    %pushi/vec4 0, 0, 64;
    %assign/vec4 v000001f7ac4ab5d0_0, 0;
    %pushi/vec4 0, 0, 64;
    %assign/vec4 v000001f7ac4ac6b0_0, 0;
    %pushi/vec4 0, 0, 32;
    %assign/vec4 v000001f7ac4aaba0_0, 0;
    %pushi/vec4 0, 0, 5;
    %assign/vec4 v000001f7ac4aa880_0, 0;
    %pushi/vec4 0, 0, 1;
    %assign/vec4 v000001f7ac4a9de0_0, 0;
    %jmp T_6.1;
T_6.0 ;
    %load/vec4 v000001f7ac4aa4c0_0;
    %assign/vec4 v000001f7ac4a9d40_0, 0;
    %load/vec4 v000001f7ac4a9d40_0;
    %dup/vec4;
    %pushi/vec4 0, 0, 3;
    %cmp/u;
    %jmp/1 T_6.2, 6;
    %dup/vec4;
    %pushi/vec4 1, 0, 3;
    %cmp/u;
    %jmp/1 T_6.3, 6;
    %dup/vec4;
    %pushi/vec4 2, 0, 3;
    %cmp/u;
    %jmp/1 T_6.4, 6;
    %dup/vec4;
    %pushi/vec4 3, 0, 3;
    %cmp/u;
    %jmp/1 T_6.5, 6;
    %dup/vec4;
    %pushi/vec4 4, 0, 3;
    %cmp/u;
    %jmp/1 T_6.6, 6;
    %jmp T_6.7;
T_6.2 ;
    %pushi/vec4 0, 0, 1;
    %assign/vec4 v000001f7ac4a9de0_0, 0;
    %jmp T_6.7;
T_6.3 ;
    %load/vec4 v000001f7ac4ab350_0;
    %assign/vec4 v000001f7ac4ab990_0, 0;
    %pushi/vec4 4294967295, 0, 33;
    %concati/vec4 2147483647, 0, 31;
    %assign/vec4 v000001f7ac4ab5d0_0, 0;
    %load/vec4 v000001f7ac4ab350_0;
    %assign/vec4 v000001f7ac4aab00_0, 0;
    %pushi/vec4 4294967295, 0, 33;
    %concati/vec4 2147483647, 0, 31;
    %assign/vec4 v000001f7ac4ac6b0_0, 0;
    %load/vec4 v000001f7ac4ab350_0;
    %assign/vec4 v000001f7ac4aaba0_0, 0;
    %pushi/vec4 0, 0, 5;
    %assign/vec4 v000001f7ac4aa880_0, 0;
    %pushi/vec4 1, 0, 1;
    %assign/vec4 v000001f7ac4aa100_0, 0;
    %jmp T_6.7;
T_6.4 ;
    %load/vec4 v000001f7ac4a9f20_0;
    %flag_set/vec4 8;
    %jmp/0xz  T_6.8, 8;
    %load/vec4 v000001f7ac4aa880_0;
    %addi 1, 0, 5;
    %assign/vec4 v000001f7ac4aa880_0, 0;
    %load/vec4 v000001f7ac4ac570_0;
    %assign/vec4 v000001f7ac4ac6b0_0, 0;
    %load/vec4 v000001f7ac4ab990_0;
    %assign/vec4 v000001f7ac4aaba0_0, 0;
    %pushi/vec4 0, 0, 1;
    %assign/vec4 v000001f7ac4aa100_0, 0;
T_6.8 ;
    %jmp T_6.7;
T_6.5 ;
    %load/vec4 v000001f7ac4a9660_0;
    %flag_set/vec4 8;
    %jmp/0xz  T_6.10, 8;
    %load/vec4 v000001f7ac4ac6b0_0;
    %assign/vec4 v000001f7ac4ab5d0_0, 0;
    %load/vec4 v000001f7ac4aaba0_0;
    %assign/vec4 v000001f7ac4aab00_0, 0;
T_6.10 ;
    %load/vec4 v000001f7ac4ac070_0;
    %assign/vec4 v000001f7ac4ab990_0, 0;
    %pushi/vec4 1, 0, 1;
    %assign/vec4 v000001f7ac4aa100_0, 0;
    %jmp T_6.7;
T_6.6 ;
    %pushi/vec4 1, 0, 1;
    %assign/vec4 v000001f7ac4a9de0_0, 0;
    %jmp T_6.7;
T_6.7 ;
    %pop/vec4 1;
T_6.1 ;
    %jmp T_6;
    .thread T_6;
    .scope S_000001f7ac445320;
T_7 ;
    %pushi/vec4 0, 0, 1;
    %store/vec4 v000001f7ac4ac1b0_0, 0, 1;
T_7.0 ;
    %delay 5000, 0;
    %load/vec4 v000001f7ac4ac1b0_0;
    %inv;
    %store/vec4 v000001f7ac4ac1b0_0, 0, 1;
    %jmp T_7.0;
    %end;
    .thread T_7;
    .scope S_000001f7ac445320;
T_8 ;
    %fork t_1, S_000001f7ac423ce0;
    %jmp t_0;
    .scope S_000001f7ac423ce0;
t_1 ;
    %vpi_call/w 3 46 "$dumpfile", "tb_Top.vcd" {0 0 0};
    %vpi_call/w 3 47 "$dumpvars", 32'sb00000000000000000000000000000000, S_000001f7ac445320 {0 0 0};
    %pushi/vec4 0, 0, 1;
    %store/vec4 v000001f7ac4ac250_0, 0, 1;
    %pushi/vec4 0, 0, 1;
    %store/vec4 v000001f7ac4ab7b0_0, 0, 1;
    %pushi/vec4 0, 0, 32;
    %store/vec4 v000001f7ac4ac610_0, 0, 32;
    %pushi/vec4 0, 0, 32;
    %store/vec4 v000001f7ac4ac110_0, 0, 32;
    %vpi_call/w 3 55 "$display", "---------------------------------------------------------" {0 0 0};
    %vpi_call/w 3 56 "$display", "Starting Testbench for Fixed-Point Gradient Descent" {0 0 0};
    %pushi/real 1073741824, 4063; load=0.125000
    %vpi_call/w 3 57 "$display", "Parameters: NUM_ITERATIONS = %0d, LEARNING_RATE = %f", P_000001f7ac44b5b8, W<0,r> {0 1 0};
    %vpi_call/w 3 59 "$display", "---------------------------------------------------------" {0 0 0};
    %delay 20000, 0;
    %pushi/vec4 1, 0, 1;
    %store/vec4 v000001f7ac4ac250_0, 0, 1;
    %pushi/vec4 0, 0, 32;
    %store/vec4 v000001f7ac437d40_0, 0, 32;
T_8.0 ;
    %load/vec4 v000001f7ac437d40_0;
    %cmpi/s 10, 0, 32;
    %jmp/0xz T_8.1, 5;
    %load/vec4 v000001f7ac4ac110_0;
    %store/vec4 v000001f7ac4ac610_0, 0, 32;
    %pushi/vec4 1, 0, 1;
    %store/vec4 v000001f7ac4ab7b0_0, 0, 1;
T_8.2 ;
    %load/vec4 v000001f7ac4ac750_0;
    %pushi/vec4 1, 0, 1;
    %cmp/e;
    %flag_get/vec4 4;
    %cmpi/ne 1, 0, 1;
    %jmp/0xz T_8.3, 6;
    %wait E_000001f7ac449190;
    %jmp T_8.2;
T_8.3 ;
    %vpi_func/r 3 68 "$itor", v000001f7ac4ac110_0 {0 0 0};
    %pushi/real 1073741824, 4074; load=256.000
    %div/wr;
    %vpi_call/w 3 68 "$display", "\012--- Test Case %0d: Initial x = %f (Q24.8) ---", v000001f7ac437d40_0, W<0,r> {0 1 0};
    %vpi_func/r 3 69 "$itor", v000001f7ac4ac110_0 {0 0 0};
    %pushi/real 1073741824, 4074; load=256.000
    %div/wr;
    %vpi_call/w 3 69 "$display", "Initial X: %f", W<0,r> {0 1 0};
    %vpi_func/r 3 70 "$itor", v000001f7ac4ab670_0 {0 0 0};
    %pushi/real 1073741824, 4074; load=256.000
    %div/wr;
    %vpi_call/w 3 70 "$display", "Final X at Min: %f (0x%H)", W<0,r>, v000001f7ac4ab670_0 {0 1 0};
    %vpi_func/r 3 71 "$itor", v000001f7ac4ab850_0 {0 0 0};
    %pushi/real 1073741824, 4074; load=256.000
    %div/wr;
    %vpi_call/w 3 71 "$display", "Min Y Value: %f (0x%H)", W<0,r>, v000001f7ac4ab850_0 {0 1 0};
    %pushi/vec4 0, 0, 1;
    %store/vec4 v000001f7ac4ab7b0_0, 0, 1;
    %load/vec4 v000001f7ac4ac110_0;
    %addi 256, 0, 32;
    %store/vec4 v000001f7ac4ac110_0, 0, 32;
T_8.4 ;
    %load/vec4 v000001f7ac4ac750_0;
    %pushi/vec4 0, 0, 1;
    %cmp/e;
    %flag_get/vec4 4;
    %cmpi/ne 1, 0, 1;
    %jmp/0xz T_8.5, 6;
    %wait E_000001f7ac449190;
    %jmp T_8.4;
T_8.5 ;
    %load/vec4 v000001f7ac437d40_0;
    %addi 1, 0, 32;
    %store/vec4 v000001f7ac437d40_0, 0, 32;
    %jmp T_8.0;
T_8.1 ;
    %vpi_call/w 3 78 "$finish" {0 0 0};
    %end;
    .scope S_000001f7ac445320;
t_0 %join;
    %end;
    .thread T_8;
# The file index is used to find the file name in the following table.
:file_names 10;
    "N/A";
    "<interactive>";
    "-";
    "tb_Top.v";
    "Top.v";
    "fixed_64_comp.v";
    "func_grad_val_diff.v";
    "func.v";
    "fixed_64_mult.v";
    "fixed_32_mult.v";
