#! /c/Source/iverilog-install/bin/vvp
:ivl_version "12.0 (devel)" "(s20150603-1539-g2693dd32b)";
:ivl_delay_selection "TYPICAL";
:vpi_time_precision - 12;
:vpi_module "C:\iverilog\lib\ivl\system.vpi";
:vpi_module "C:\iverilog\lib\ivl\vhdl_sys.vpi";
:vpi_module "C:\iverilog\lib\ivl\vhdl_textio.vpi";
:vpi_module "C:\iverilog\lib\ivl\v2005_math.vpi";
:vpi_module "C:\iverilog\lib\ivl\va_math.vpi";
:vpi_module "C:\iverilog\lib\ivl\v2009.vpi";
S_000001b74ac8aef0 .scope package, "$unit" "$unit" 2 1;
 .timescale 0 0;
S_000001b74ac8d5d0 .scope module, "tb_Top" "tb_Top" 3 3;
 .timescale -9 -12;
P_000001b74ac82590 .param/l "INCREMENT" 0 3 9, C4<00000000000000000000000000000001>;
P_000001b74ac825c8 .param/l "LEARNING_RATE" 0 3 8, C4<00000000000000000000000010000000>;
P_000001b74ac82600 .param/l "LOOP_COUNT" 0 3 10, +C4<00000000000000000000000000001010>;
P_000001b74ac82638 .param/l "NUM_ITERATIONS" 0 3 6, +C4<00000000000000000000000000000101>;
P_000001b74ac82670 .param/l "OFFSET" 0 3 7, C4<00000000000000000000010000000000>;
v000001b74acf0d70_0 .var "clk", 0 0;
v000001b74acf25d0_0 .net "done_op", 0 0, v000001b74ace63c0_0;  1 drivers
v000001b74acf0e10_0 .net "gradient_overflow", 0 0, L_000001b74ac76c90;  1 drivers
v000001b74acf2170_0 .net "init_x_square_overflow", 0 0, L_000001b74ad58ff0;  1 drivers
v000001b74acf1770_0 .var/s "initial_x_in", 31 0;
v000001b74acf0ff0_0 .net/s "learning_rate_out", 31 0, v000001b74acf0f50_0;  1 drivers
v000001b74acf07d0_0 .var "rst_n", 0 0;
v000001b74acf2490_0 .var "start_op", 0 0;
v000001b74acf1270_0 .var/s "test_x_val", 31 0;
v000001b74acf13b0_0 .net/s "x_at_min", 31 0, v000001b74acf23f0_0;  1 drivers
v000001b74acf1810_0 .net "x_diff_overflow", 0 0, L_000001b74ad58230;  1 drivers
v000001b74acf1d10_0 .net "x_sqr_overflow", 0 0, L_000001b74ad591d0;  1 drivers
v000001b74acf2530_0 .net/s "y_min", 55 0, v000001b74acf1c70_0;  1 drivers
S_000001b74ac8d760 .scope begin, "$unm_blk_15" "$unm_blk_15" 3 56, 3 56 0, S_000001b74ac8d5d0;
 .timescale -9 -12;
v000001b74ac7cfe0_0 .var/i "i", 31 0;
E_000001b74ac861f0 .event anyedge, v000001b74ace63c0_0;
S_000001b74ac4d070 .scope module, "uut_top" "Top" 3 33, 4 2 0, S_000001b74ac8d5d0;
 .timescale 0 0;
    .port_info 0 /INPUT 1 "clk";
    .port_info 1 /INPUT 1 "rst_n";
    .port_info 2 /INPUT 1 "start_op";
    .port_info 3 /INPUT 32 "initial_x_in";
    .port_info 4 /OUTPUT 32 "x_at_min";
    .port_info 5 /OUTPUT 56 "y_min";
    .port_info 6 /OUTPUT 1 "done_op";
    .port_info 7 /OUTPUT 32 "learning_rate_out";
    .port_info 8 /OUTPUT 1 "gradient_overflow";
    .port_info 9 /OUTPUT 1 "x_sqr_overflow";
    .port_info 10 /OUTPUT 1 "x_diff_overflow";
    .port_info 11 /OUTPUT 1 "init_x_square_overflow";
P_000001b74ac4d200 .param/l "LEARNING_RATE" 0 4 5, C4<00000000000000000000000010000000>;
P_000001b74ac4d238 .param/l "NUM_ITERATIONS" 0 4 3, +C4<00000000000000000000000000000101>;
P_000001b74ac4d270 .param/l "OFFSET" 0 4 4, C4<00000000000000000000010000000000>;
P_000001b74ac4d2a8 .param/l "STATE_DONE" 1 4 46, C4<11>;
P_000001b74ac4d2e0 .param/l "STATE_IDLE" 1 4 43, C4<00>;
P_000001b74ac4d318 .param/l "STATE_INIT" 1 4 44, C4<01>;
P_000001b74ac4d350 .param/l "STATE_RUNNING" 1 4 45, C4<10>;
v000001b74ace60a0_0 .net "clk", 0 0, v000001b74acf0d70_0;  1 drivers
v000001b74ace5740_0 .net "comp_result", 0 0, L_000001b74ad59310;  1 drivers
v000001b74ace6320_0 .var "current_state", 1 0;
v000001b74ace63c0_0 .var "done_op", 0 0;
v000001b74ace4ac0_0 .net/s "gradient_out", 31 0, L_000001b74acf11d0;  1 drivers
v000001b74ace65a0_0 .net "gradient_overflow", 0 0, L_000001b74ac76c90;  alias, 1 drivers
v000001b74ace4b60_0 .net "init_x_square_overflow", 0 0, L_000001b74ad58ff0;  alias, 1 drivers
v000001b74ace6640_0 .net/s "initial_x_in", 31 0, v000001b74acf1770_0;  1 drivers
v000001b74ace4c00_0 .net/s "initial_x_minus_offset", 31 0, L_000001b74ad594f0;  1 drivers
v000001b74ace4d40_0 .net/s "initial_y_min_val", 55 0, L_000001b74ad59630;  1 drivers
v000001b74acf1130_0 .var "iter_count", 2 0;
v000001b74acf0f50_0 .var/s "learning_rate_out", 31 0;
v000001b74acf1590_0 .var "next_state", 1 0;
v000001b74acf1bd0_0 .net "rst_n", 0 0, v000001b74acf07d0_0;  1 drivers
v000001b74acf20d0_0 .net "start_op", 0 0, v000001b74acf2490_0;  1 drivers
v000001b74acf2670_0 .var/s "x", 31 0;
v000001b74acf23f0_0 .var/s "x_at_min", 31 0;
v000001b74acf0870_0 .net/s "x_diff_out", 31 0, L_000001b74ad58d70;  1 drivers
v000001b74acf19f0_0 .net "x_diff_overflow", 0 0, L_000001b74ad58230;  alias, 1 drivers
v000001b74acf2210_0 .net/s "x_minus_offset", 31 0, L_000001b74acf1950;  1 drivers
v000001b74acf2350_0 .net/s "x_next_val", 31 0, L_000001b74acf4360;  1 drivers
v000001b74acf0eb0_0 .net "x_sqr_overflow", 0 0, L_000001b74ad591d0;  alias, 1 drivers
v000001b74acf22b0_0 .net/s "x_squared_out", 55 0, L_000001b74ad58690;  1 drivers
v000001b74acf1c70_0 .var/s "y_min", 55 0;
E_000001b74ac86270/0 .event negedge, v000001b74acf1bd0_0;
E_000001b74ac86270/1 .event posedge, v000001b74ace60a0_0;
E_000001b74ac86270 .event/or E_000001b74ac86270/0, E_000001b74ac86270/1;
E_000001b74ac869f0 .event anyedge, v000001b74ace6320_0, v000001b74acf20d0_0, v000001b74acf1130_0;
S_000001b74ac49b00 .scope module, "cmp_fixed" "fixed_56_cmp" 4 145, 5 1 0, S_000001b74ac4d070;
 .timescale 0 0;
    .port_info 0 /INPUT 56 "a";
    .port_info 1 /INPUT 56 "b";
    .port_info 2 /OUTPUT 1 "res";
v000001b74ac7c400_0 .net/s "a", 55 0, L_000001b74ad58690;  alias, 1 drivers
v000001b74ac7cb80_0 .net/s "b", 55 0, v000001b74acf1c70_0;  alias, 1 drivers
v000001b74ac7d260_0 .net "res", 0 0, L_000001b74ad59310;  alias, 1 drivers
L_000001b74ad59310 .cmp/gt.s 56, v000001b74acf1c70_0, L_000001b74ad58690;
S_000001b74ac49c90 .scope module, "inst_grad" "gradient_func" 4 122, 6 1 0, S_000001b74ac4d070;
 .timescale 0 0;
    .port_info 0 /INPUT 32 "offset";
    .port_info 1 /INPUT 32 "x";
    .port_info 2 /OUTPUT 32 "res";
    .port_info 3 /OUTPUT 1 "overflow";
L_000001b74ac76c90 .functor XOR 1, L_000001b74acf1090, L_000001b74acf09b0, C4<0>, C4<0>;
v000001b74ac7da80_0 .net *"_ivl_10", 30 0, L_000001b74acf0a50;  1 drivers
L_000001b74ad00088 .functor BUFT 1, C4<0>, C4<0>, C4<0>, C4<0>;
v000001b74ac7c540_0 .net *"_ivl_12", 0 0, L_000001b74ad00088;  1 drivers
v000001b74ac7cae0_0 .net *"_ivl_3", 0 0, L_000001b74acf1090;  1 drivers
v000001b74ac7c040_0 .net *"_ivl_5", 0 0, L_000001b74acf09b0;  1 drivers
v000001b74ac7c4a0_0 .net "diff_out", 31 0, L_000001b74acf0910;  1 drivers
L_000001b74ad000d0 .functor BUFT 1, C4<00000000000000000000010000000000>, C4<0>, C4<0>, C4<0>;
v000001b74ac7d9e0_0 .net/s "offset", 31 0, L_000001b74ad000d0;  1 drivers
v000001b74ac7cc20_0 .net "overflow", 0 0, L_000001b74ac76c90;  alias, 1 drivers
v000001b74ac7d1c0_0 .net/s "res", 31 0, L_000001b74acf11d0;  alias, 1 drivers
v000001b74ac7d300_0 .net/s "x", 31 0, v000001b74acf2670_0;  1 drivers
L_000001b74acf0910 .arith/sub 32, v000001b74acf2670_0, L_000001b74ad000d0;
L_000001b74acf1090 .part L_000001b74acf0910, 31, 1;
L_000001b74acf09b0 .part L_000001b74acf0910, 30, 1;
L_000001b74acf0a50 .part L_000001b74acf0910, 0, 31;
L_000001b74acf11d0 .concat [ 1 31 0 0], L_000001b74ad00088, L_000001b74acf0a50;
S_000001b74abfdf50 .scope module, "inst_initial_x_minus_offset" "fixed_32_add_sub" 4 159, 7 1 0, S_000001b74ac4d070;
 .timescale 0 0;
    .port_info 0 /INPUT 32 "a_in";
    .port_info 1 /INPUT 32 "b_in";
    .port_info 2 /INPUT 1 "sub_n_add";
    .port_info 3 /OUTPUT 32 "sum_diff_out";
    .port_info 4 /OUTPUT 1 "overflow";
L_000001b74ad002c8 .functor BUFT 1, C4<1>, C4<0>, C4<0>, C4<0>;
L_000001b74ad00238 .functor BUFT 1, C4<1>, C4<0>, C4<0>, C4<0>;
L_000001b74ac76e50 .functor XNOR 1, L_000001b74ad002c8, L_000001b74ad00238, C4<0>, C4<0>;
L_000001b74ac770f0 .functor XOR 1, L_000001b74ad598b0, L_000001b74ad58a50, C4<0>, C4<0>;
v000001b74ac7c680_0 .net/2u *"_ivl_0", 0 0, L_000001b74ad00238;  1 drivers
v000001b74ac7d8a0_0 .net *"_ivl_11", 0 0, L_000001b74ad58410;  1 drivers
v000001b74ac7c720_0 .net *"_ivl_12", 0 0, L_000001b74ad58f50;  1 drivers
v000001b74ac7d800_0 .net *"_ivl_14", 32 0, L_000001b74ad584b0;  1 drivers
v000001b74ac7c7c0_0 .net *"_ivl_16", 32 0, L_000001b74ad58550;  1 drivers
v000001b74ac7d080_0 .net *"_ivl_19", 0 0, L_000001b74ad59d10;  1 drivers
v000001b74ac7bdc0_0 .net *"_ivl_2", 0 0, L_000001b74ac76e50;  1 drivers
v000001b74ac7c0e0_0 .net *"_ivl_20", 0 0, L_000001b74ad58eb0;  1 drivers
v000001b74ac7c860_0 .net *"_ivl_22", 32 0, L_000001b74ad587d0;  1 drivers
v000001b74ac7c9a0_0 .net *"_ivl_25", 0 0, L_000001b74ad58870;  1 drivers
v000001b74ac7c180_0 .net *"_ivl_26", 0 0, L_000001b74ad59810;  1 drivers
v000001b74ac7c900_0 .net *"_ivl_28", 32 0, L_000001b74ad596d0;  1 drivers
v000001b74ac7ca40_0 .net *"_ivl_30", 32 0, L_000001b74ad58910;  1 drivers
v000001b74ac7ce00_0 .net *"_ivl_37", 0 0, L_000001b74ad598b0;  1 drivers
v000001b74ac7cea0_0 .net *"_ivl_39", 0 0, L_000001b74ad58a50;  1 drivers
v000001b74ac7cf40_0 .net *"_ivl_5", 0 0, L_000001b74ad59e50;  1 drivers
v000001b74ace2ac0_0 .net *"_ivl_6", 0 0, L_000001b74ad593b0;  1 drivers
v000001b74ace2b60_0 .net *"_ivl_8", 32 0, L_000001b74ad59450;  1 drivers
v000001b74ace1e40_0 .net/s "a_in", 31 0, v000001b74acf1770_0;  alias, 1 drivers
L_000001b74ad00280 .functor BUFT 1, C4<00000000000000000000010000000000>, C4<0>, C4<0>, C4<0>;
v000001b74ace2a20_0 .net/s "b_in", 31 0, L_000001b74ad00280;  1 drivers
v000001b74ace25c0_0 .net "overflow", 0 0, L_000001b74ac770f0;  1 drivers
v000001b74ace2c00_0 .net "sub_n_add", 0 0, L_000001b74ad002c8;  1 drivers
v000001b74ace2ca0_0 .net/s "sum_diff_out", 31 0, L_000001b74ad594f0;  alias, 1 drivers
v000001b74ace3240_0 .net/s "temp_result_wide", 32 0, L_000001b74ad589b0;  1 drivers
L_000001b74ad59e50 .part v000001b74acf1770_0, 31, 1;
L_000001b74ad593b0 .concat [ 1 0 0 0], L_000001b74ad59e50;
L_000001b74ad59450 .concat [ 32 1 0 0], v000001b74acf1770_0, L_000001b74ad593b0;
L_000001b74ad58410 .part L_000001b74ad00280, 31, 1;
L_000001b74ad58f50 .concat [ 1 0 0 0], L_000001b74ad58410;
L_000001b74ad584b0 .concat [ 32 1 0 0], L_000001b74ad00280, L_000001b74ad58f50;
L_000001b74ad58550 .arith/sub 33, L_000001b74ad59450, L_000001b74ad584b0;
L_000001b74ad59d10 .part v000001b74acf1770_0, 31, 1;
L_000001b74ad58eb0 .concat [ 1 0 0 0], L_000001b74ad59d10;
L_000001b74ad587d0 .concat [ 32 1 0 0], v000001b74acf1770_0, L_000001b74ad58eb0;
L_000001b74ad58870 .part L_000001b74ad00280, 31, 1;
L_000001b74ad59810 .concat [ 1 0 0 0], L_000001b74ad58870;
L_000001b74ad596d0 .concat [ 32 1 0 0], L_000001b74ad00280, L_000001b74ad59810;
L_000001b74ad58910 .arith/sum 33, L_000001b74ad587d0, L_000001b74ad596d0;
L_000001b74ad589b0 .functor MUXZ 33, L_000001b74ad58910, L_000001b74ad58550, L_000001b74ac76e50, C4<>;
L_000001b74ad594f0 .part L_000001b74ad589b0, 0, 32;
L_000001b74ad598b0 .part L_000001b74ad589b0, 32, 1;
L_000001b74ad58a50 .part L_000001b74ad594f0, 31, 1;
S_000001b74abfe0e0 .scope module, "inst_initial_x_square" "fixed_56_mult" 4 168, 8 1 0, S_000001b74ac4d070;
 .timescale 0 0;
    .port_info 0 /INPUT 32 "a_in";
    .port_info 1 /INPUT 32 "b_in";
    .port_info 2 /OUTPUT 56 "p_out";
    .port_info 3 /OUTPUT 1 "overflow";
P_000001b74ac863b0 .param/l "FRACT_BITS" 1 8 8, +C4<00000000000000000000000000001000>;
v000001b74ace34c0_0 .net/s *"_ivl_0", 63 0, L_000001b74ad59db0;  1 drivers
v000001b74ace2160_0 .net *"_ivl_13", 7 0, L_000001b74ad58cd0;  1 drivers
L_000001b74ad00310 .functor BUFT 1, C4<xxxxxxxx>, C4<0>, C4<0>, C4<0>;
v000001b74ace3880_0 .net *"_ivl_14", 7 0, L_000001b74ad00310;  1 drivers
v000001b74ace2d40_0 .net/s *"_ivl_2", 63 0, L_000001b74ad59ef0;  1 drivers
v000001b74ace3740_0 .net *"_ivl_6", 63 0, L_000001b74ad58b90;  1 drivers
v000001b74ace39c0_0 .net *"_ivl_8", 55 0, L_000001b74ad58af0;  1 drivers
v000001b74ace32e0_0 .net/s "a_in", 31 0, L_000001b74ad594f0;  alias, 1 drivers
v000001b74ace3060_0 .net/s "b_in", 31 0, L_000001b74ad594f0;  alias, 1 drivers
v000001b74ace3560_0 .net "overflow", 0 0, L_000001b74ad58ff0;  alias, 1 drivers
v000001b74ace1c60_0 .net/s "p_out", 55 0, L_000001b74ad59630;  alias, 1 drivers
v000001b74ace2660_0 .net/s "product_full", 63 0, L_000001b74ad59590;  1 drivers
L_000001b74ad59db0 .extend/s 64, L_000001b74ad594f0;
L_000001b74ad59ef0 .extend/s 64, L_000001b74ad594f0;
L_000001b74ad59590 .arith/mult 64, L_000001b74ad59db0, L_000001b74ad59ef0;
L_000001b74ad58af0 .part L_000001b74ad59590, 8, 56;
L_000001b74ad58b90 .extend/s 64, L_000001b74ad58af0;
L_000001b74ad59630 .part L_000001b74ad58b90, 0, 56;
L_000001b74ad58cd0 .part L_000001b74ad59590, 56, 8;
L_000001b74ad58ff0 .cmp/ne 8, L_000001b74ad58cd0, L_000001b74ad00310;
S_000001b74ace3c20 .scope module, "inst_mult_x_diff" "fixed_32_mult" 4 152, 9 1 0, S_000001b74ac4d070;
 .timescale 0 0;
    .port_info 0 /INPUT 32 "a_in";
    .port_info 1 /INPUT 32 "b_in";
    .port_info 2 /OUTPUT 32 "p_out";
    .port_info 3 /OUTPUT 1 "overflow";
P_000001b74ac859b0 .param/l "FRACT_BITS" 1 9 8, +C4<00000000000000000000000000001000>;
v000001b74ace2e80_0 .net/s *"_ivl_0", 63 0, L_000001b74ad59a90;  1 drivers
v000001b74ace2200_0 .net *"_ivl_13", 32 0, L_000001b74ad58730;  1 drivers
v000001b74ace2f20_0 .net *"_ivl_15", 0 0, L_000001b74ad58c30;  1 drivers
v000001b74ace28e0_0 .net *"_ivl_16", 32 0, L_000001b74ad58370;  1 drivers
v000001b74ace2de0_0 .net/s *"_ivl_2", 63 0, L_000001b74ad59270;  1 drivers
v000001b74ace3600_0 .net *"_ivl_6", 63 0, L_000001b74ad59c70;  1 drivers
v000001b74ace23e0_0 .net *"_ivl_8", 55 0, L_000001b74ad580f0;  1 drivers
v000001b74ace27a0_0 .net/s "a_in", 31 0, v000001b74acf0f50_0;  alias, 1 drivers
v000001b74ace2700_0 .net/s "b_in", 31 0, L_000001b74acf11d0;  alias, 1 drivers
v000001b74ace2fc0_0 .net "overflow", 0 0, L_000001b74ad58230;  alias, 1 drivers
v000001b74ace2840_0 .net/s "p_out", 31 0, L_000001b74ad58d70;  alias, 1 drivers
v000001b74ace22a0_0 .net/s "product_full", 63 0, L_000001b74ad58e10;  1 drivers
L_000001b74ad59a90 .extend/s 64, v000001b74acf0f50_0;
L_000001b74ad59270 .extend/s 64, L_000001b74acf11d0;
L_000001b74ad58e10 .arith/mult 64, L_000001b74ad59a90, L_000001b74ad59270;
L_000001b74ad580f0 .part L_000001b74ad58e10, 8, 56;
L_000001b74ad59c70 .extend/s 64, L_000001b74ad580f0;
L_000001b74ad58d70 .part L_000001b74ad59c70, 0, 32;
L_000001b74ad58730 .part L_000001b74ad58e10, 31, 33;
L_000001b74ad58c30 .part L_000001b74ad58d70, 31, 1;
LS_000001b74ad58370_0_0 .concat [ 1 1 1 1], L_000001b74ad58c30, L_000001b74ad58c30, L_000001b74ad58c30, L_000001b74ad58c30;
LS_000001b74ad58370_0_4 .concat [ 1 1 1 1], L_000001b74ad58c30, L_000001b74ad58c30, L_000001b74ad58c30, L_000001b74ad58c30;
LS_000001b74ad58370_0_8 .concat [ 1 1 1 1], L_000001b74ad58c30, L_000001b74ad58c30, L_000001b74ad58c30, L_000001b74ad58c30;
LS_000001b74ad58370_0_12 .concat [ 1 1 1 1], L_000001b74ad58c30, L_000001b74ad58c30, L_000001b74ad58c30, L_000001b74ad58c30;
LS_000001b74ad58370_0_16 .concat [ 1 1 1 1], L_000001b74ad58c30, L_000001b74ad58c30, L_000001b74ad58c30, L_000001b74ad58c30;
LS_000001b74ad58370_0_20 .concat [ 1 1 1 1], L_000001b74ad58c30, L_000001b74ad58c30, L_000001b74ad58c30, L_000001b74ad58c30;
LS_000001b74ad58370_0_24 .concat [ 1 1 1 1], L_000001b74ad58c30, L_000001b74ad58c30, L_000001b74ad58c30, L_000001b74ad58c30;
LS_000001b74ad58370_0_28 .concat [ 1 1 1 1], L_000001b74ad58c30, L_000001b74ad58c30, L_000001b74ad58c30, L_000001b74ad58c30;
LS_000001b74ad58370_0_32 .concat [ 1 0 0 0], L_000001b74ad58c30;
LS_000001b74ad58370_1_0 .concat [ 4 4 4 4], LS_000001b74ad58370_0_0, LS_000001b74ad58370_0_4, LS_000001b74ad58370_0_8, LS_000001b74ad58370_0_12;
LS_000001b74ad58370_1_4 .concat [ 4 4 4 4], LS_000001b74ad58370_0_16, LS_000001b74ad58370_0_20, LS_000001b74ad58370_0_24, LS_000001b74ad58370_0_28;
LS_000001b74ad58370_1_8 .concat [ 1 0 0 0], LS_000001b74ad58370_0_32;
L_000001b74ad58370 .concat [ 16 16 1 0], LS_000001b74ad58370_1_0, LS_000001b74ad58370_1_4, LS_000001b74ad58370_1_8;
L_000001b74ad58230 .cmp/ne 33, L_000001b74ad58730, L_000001b74ad58370;
S_000001b74ace3db0 .scope module, "inst_mult_y" "fixed_56_mult" 4 138, 8 1 0, S_000001b74ac4d070;
 .timescale 0 0;
    .port_info 0 /INPUT 32 "a_in";
    .port_info 1 /INPUT 32 "b_in";
    .port_info 2 /OUTPUT 56 "p_out";
    .port_info 3 /OUTPUT 1 "overflow";
P_000001b74ac85a70 .param/l "FRACT_BITS" 1 8 8, +C4<00000000000000000000000000001000>;
v000001b74ace2340_0 .net/s *"_ivl_0", 63 0, L_000001b74ad59130;  1 drivers
v000001b74ace3100_0 .net *"_ivl_13", 7 0, L_000001b74ad59f90;  1 drivers
L_000001b74ad001f0 .functor BUFT 1, C4<xxxxxxxx>, C4<0>, C4<0>, C4<0>;
v000001b74ace2980_0 .net *"_ivl_14", 7 0, L_000001b74ad001f0;  1 drivers
v000001b74ace31a0_0 .net/s *"_ivl_2", 63 0, L_000001b74ad585f0;  1 drivers
v000001b74ace3380_0 .net *"_ivl_6", 63 0, L_000001b74ad58190;  1 drivers
v000001b74ace2480_0 .net *"_ivl_8", 55 0, L_000001b74ad59770;  1 drivers
v000001b74ace1d00_0 .net/s "a_in", 31 0, L_000001b74acf1950;  alias, 1 drivers
v000001b74ace3420_0 .net/s "b_in", 31 0, L_000001b74acf1950;  alias, 1 drivers
v000001b74ace36a0_0 .net "overflow", 0 0, L_000001b74ad591d0;  alias, 1 drivers
v000001b74ace2520_0 .net/s "p_out", 55 0, L_000001b74ad58690;  alias, 1 drivers
v000001b74ace37e0_0 .net/s "product_full", 63 0, L_000001b74ad59bd0;  1 drivers
L_000001b74ad59130 .extend/s 64, L_000001b74acf1950;
L_000001b74ad585f0 .extend/s 64, L_000001b74acf1950;
L_000001b74ad59bd0 .arith/mult 64, L_000001b74ad59130, L_000001b74ad585f0;
L_000001b74ad59770 .part L_000001b74ad59bd0, 8, 56;
L_000001b74ad58190 .extend/s 64, L_000001b74ad59770;
L_000001b74ad58690 .part L_000001b74ad58190, 0, 56;
L_000001b74ad59f90 .part L_000001b74ad59bd0, 56, 8;
L_000001b74ad591d0 .cmp/ne 8, L_000001b74ad59f90, L_000001b74ad001f0;
S_000001b74abfe700 .scope module, "inst_sub_x" "fixed_32_add_sub" 4 176, 7 1 0, S_000001b74ac4d070;
 .timescale 0 0;
    .port_info 0 /INPUT 32 "a_in";
    .port_info 1 /INPUT 32 "b_in";
    .port_info 2 /INPUT 1 "sub_n_add";
    .port_info 3 /OUTPUT 32 "sum_diff_out";
    .port_info 4 /OUTPUT 1 "overflow";
L_000001b74ad003a0 .functor BUFT 1, C4<1>, C4<0>, C4<0>, C4<0>;
L_000001b74ad00358 .functor BUFT 1, C4<1>, C4<0>, C4<0>, C4<0>;
L_000001b74ac77010 .functor XNOR 1, L_000001b74ad003a0, L_000001b74ad00358, C4<0>, C4<0>;
L_000001b74ac77160 .functor XOR 1, L_000001b74acf4400, L_000001b74acf42c0, C4<0>, C4<0>;
v000001b74ace3920_0 .net/2u *"_ivl_0", 0 0, L_000001b74ad00358;  1 drivers
v000001b74ace3a60_0 .net *"_ivl_11", 0 0, L_000001b74acf3a00;  1 drivers
v000001b74ace1f80_0 .net *"_ivl_12", 0 0, L_000001b74acf3780;  1 drivers
v000001b74ace3b00_0 .net *"_ivl_14", 32 0, L_000001b74acf3500;  1 drivers
v000001b74ace1da0_0 .net *"_ivl_16", 32 0, L_000001b74acf2d80;  1 drivers
v000001b74ace1ee0_0 .net *"_ivl_19", 0 0, L_000001b74acf3280;  1 drivers
v000001b74ace20c0_0 .net *"_ivl_2", 0 0, L_000001b74ac77010;  1 drivers
v000001b74ace2020_0 .net *"_ivl_20", 0 0, L_000001b74acf3960;  1 drivers
v000001b74ace54c0_0 .net *"_ivl_22", 32 0, L_000001b74acf4180;  1 drivers
v000001b74ace5ba0_0 .net *"_ivl_25", 0 0, L_000001b74acf30a0;  1 drivers
v000001b74ace5240_0 .net *"_ivl_26", 0 0, L_000001b74acf3c80;  1 drivers
v000001b74ace56a0_0 .net *"_ivl_28", 32 0, L_000001b74acf36e0;  1 drivers
v000001b74ace4e80_0 .net *"_ivl_30", 32 0, L_000001b74acf4680;  1 drivers
v000001b74ace4de0_0 .net *"_ivl_37", 0 0, L_000001b74acf4400;  1 drivers
v000001b74ace4840_0 .net *"_ivl_39", 0 0, L_000001b74acf42c0;  1 drivers
v000001b74ace59c0_0 .net *"_ivl_5", 0 0, L_000001b74ad59090;  1 drivers
v000001b74ace5b00_0 .net *"_ivl_6", 0 0, L_000001b74ad59950;  1 drivers
v000001b74ace4f20_0 .net *"_ivl_8", 32 0, L_000001b74ad599f0;  1 drivers
v000001b74ace48e0_0 .net/s "a_in", 31 0, v000001b74acf2670_0;  alias, 1 drivers
v000001b74ace4ca0_0 .net/s "b_in", 31 0, L_000001b74ad58d70;  alias, 1 drivers
v000001b74ace4fc0_0 .net "overflow", 0 0, L_000001b74ac77160;  1 drivers
v000001b74ace47a0_0 .net "sub_n_add", 0 0, L_000001b74ad003a0;  1 drivers
v000001b74ace57e0_0 .net/s "sum_diff_out", 31 0, L_000001b74acf4360;  alias, 1 drivers
v000001b74ace5060_0 .net/s "temp_result_wide", 32 0, L_000001b74acf2880;  1 drivers
L_000001b74ad59090 .part v000001b74acf2670_0, 31, 1;
L_000001b74ad59950 .concat [ 1 0 0 0], L_000001b74ad59090;
L_000001b74ad599f0 .concat [ 32 1 0 0], v000001b74acf2670_0, L_000001b74ad59950;
L_000001b74acf3a00 .part L_000001b74ad58d70, 31, 1;
L_000001b74acf3780 .concat [ 1 0 0 0], L_000001b74acf3a00;
L_000001b74acf3500 .concat [ 32 1 0 0], L_000001b74ad58d70, L_000001b74acf3780;
L_000001b74acf2d80 .arith/sub 33, L_000001b74ad599f0, L_000001b74acf3500;
L_000001b74acf3280 .part v000001b74acf2670_0, 31, 1;
L_000001b74acf3960 .concat [ 1 0 0 0], L_000001b74acf3280;
L_000001b74acf4180 .concat [ 32 1 0 0], v000001b74acf2670_0, L_000001b74acf3960;
L_000001b74acf30a0 .part L_000001b74ad58d70, 31, 1;
L_000001b74acf3c80 .concat [ 1 0 0 0], L_000001b74acf30a0;
L_000001b74acf36e0 .concat [ 32 1 0 0], L_000001b74ad58d70, L_000001b74acf3c80;
L_000001b74acf4680 .arith/sum 33, L_000001b74acf4180, L_000001b74acf36e0;
L_000001b74acf2880 .functor MUXZ 33, L_000001b74acf4680, L_000001b74acf2d80, L_000001b74ac77010, C4<>;
L_000001b74acf4360 .part L_000001b74acf2880, 0, 32;
L_000001b74acf4400 .part L_000001b74acf2880, 32, 1;
L_000001b74acf42c0 .part L_000001b74acf4360, 31, 1;
S_000001b74abfe890 .scope module, "inst_x_minus_offset" "fixed_32_add_sub" 4 129, 7 1 0, S_000001b74ac4d070;
 .timescale 0 0;
    .port_info 0 /INPUT 32 "a_in";
    .port_info 1 /INPUT 32 "b_in";
    .port_info 2 /INPUT 1 "sub_n_add";
    .port_info 3 /OUTPUT 32 "sum_diff_out";
    .port_info 4 /OUTPUT 1 "overflow";
L_000001b74ad001a8 .functor BUFT 1, C4<1>, C4<0>, C4<0>, C4<0>;
L_000001b74ad00118 .functor BUFT 1, C4<1>, C4<0>, C4<0>, C4<0>;
L_000001b74ac76d00 .functor XNOR 1, L_000001b74ad001a8, L_000001b74ad00118, C4<0>, C4<0>;
L_000001b74ac76d70 .functor XOR 1, L_000001b74acf1ef0, L_000001b74acf2030, C4<0>, C4<0>;
v000001b74ace5100_0 .net/2u *"_ivl_0", 0 0, L_000001b74ad00118;  1 drivers
v000001b74ace5a60_0 .net *"_ivl_11", 0 0, L_000001b74acf1b30;  1 drivers
v000001b74ace52e0_0 .net *"_ivl_12", 0 0, L_000001b74acf1630;  1 drivers
v000001b74ace6460_0 .net *"_ivl_14", 32 0, L_000001b74acf0b90;  1 drivers
v000001b74ace6000_0 .net *"_ivl_16", 32 0, L_000001b74acf1a90;  1 drivers
v000001b74ace4a20_0 .net *"_ivl_19", 0 0, L_000001b74acf0c30;  1 drivers
v000001b74ace61e0_0 .net *"_ivl_2", 0 0, L_000001b74ac76d00;  1 drivers
v000001b74ace5c40_0 .net *"_ivl_20", 0 0, L_000001b74acf0cd0;  1 drivers
v000001b74ace5ce0_0 .net *"_ivl_22", 32 0, L_000001b74acf14f0;  1 drivers
v000001b74ace5920_0 .net *"_ivl_25", 0 0, L_000001b74acf16d0;  1 drivers
v000001b74ace5d80_0 .net *"_ivl_26", 0 0, L_000001b74acf18b0;  1 drivers
v000001b74ace5880_0 .net *"_ivl_28", 32 0, L_000001b74acf1db0;  1 drivers
v000001b74ace6500_0 .net *"_ivl_30", 32 0, L_000001b74acf1f90;  1 drivers
v000001b74ace6140_0 .net *"_ivl_37", 0 0, L_000001b74acf1ef0;  1 drivers
v000001b74ace51a0_0 .net *"_ivl_39", 0 0, L_000001b74acf2030;  1 drivers
v000001b74ace5420_0 .net *"_ivl_5", 0 0, L_000001b74acf1450;  1 drivers
v000001b74ace5380_0 .net *"_ivl_6", 0 0, L_000001b74acf0af0;  1 drivers
v000001b74ace5e20_0 .net *"_ivl_8", 32 0, L_000001b74acf1310;  1 drivers
v000001b74ace5ec0_0 .net/s "a_in", 31 0, v000001b74acf2670_0;  alias, 1 drivers
L_000001b74ad00160 .functor BUFT 1, C4<00000000000000000000010000000000>, C4<0>, C4<0>, C4<0>;
v000001b74ace5560_0 .net/s "b_in", 31 0, L_000001b74ad00160;  1 drivers
v000001b74ace6280_0 .net "overflow", 0 0, L_000001b74ac76d70;  1 drivers
v000001b74ace4980_0 .net "sub_n_add", 0 0, L_000001b74ad001a8;  1 drivers
v000001b74ace5600_0 .net/s "sum_diff_out", 31 0, L_000001b74acf1950;  alias, 1 drivers
v000001b74ace5f60_0 .net/s "temp_result_wide", 32 0, L_000001b74acf1e50;  1 drivers
L_000001b74acf1450 .part v000001b74acf2670_0, 31, 1;
L_000001b74acf0af0 .concat [ 1 0 0 0], L_000001b74acf1450;
L_000001b74acf1310 .concat [ 32 1 0 0], v000001b74acf2670_0, L_000001b74acf0af0;
L_000001b74acf1b30 .part L_000001b74ad00160, 31, 1;
L_000001b74acf1630 .concat [ 1 0 0 0], L_000001b74acf1b30;
L_000001b74acf0b90 .concat [ 32 1 0 0], L_000001b74ad00160, L_000001b74acf1630;
L_000001b74acf1a90 .arith/sub 33, L_000001b74acf1310, L_000001b74acf0b90;
L_000001b74acf0c30 .part v000001b74acf2670_0, 31, 1;
L_000001b74acf0cd0 .concat [ 1 0 0 0], L_000001b74acf0c30;
L_000001b74acf14f0 .concat [ 32 1 0 0], v000001b74acf2670_0, L_000001b74acf0cd0;
L_000001b74acf16d0 .part L_000001b74ad00160, 31, 1;
L_000001b74acf18b0 .concat [ 1 0 0 0], L_000001b74acf16d0;
L_000001b74acf1db0 .concat [ 32 1 0 0], L_000001b74ad00160, L_000001b74acf18b0;
L_000001b74acf1f90 .arith/sum 33, L_000001b74acf14f0, L_000001b74acf1db0;
L_000001b74acf1e50 .functor MUXZ 33, L_000001b74acf1f90, L_000001b74acf1a90, L_000001b74ac76d00, C4<>;
L_000001b74acf1950 .part L_000001b74acf1e50, 0, 32;
L_000001b74acf1ef0 .part L_000001b74acf1e50, 32, 1;
L_000001b74acf2030 .part L_000001b74acf1950, 31, 1;
    .scope S_000001b74ac4d070;
T_0 ;
    %wait E_000001b74ac869f0;
    %load/vec4 v000001b74ace6320_0;
    %store/vec4 v000001b74acf1590_0, 0, 2;
    %load/vec4 v000001b74ace6320_0;
    %dup/vec4;
    %pushi/vec4 0, 0, 2;
    %cmp/u;
    %jmp/1 T_0.0, 6;
    %dup/vec4;
    %pushi/vec4 1, 0, 2;
    %cmp/u;
    %jmp/1 T_0.1, 6;
    %dup/vec4;
    %pushi/vec4 2, 0, 2;
    %cmp/u;
    %jmp/1 T_0.2, 6;
    %dup/vec4;
    %pushi/vec4 3, 0, 2;
    %cmp/u;
    %jmp/1 T_0.3, 6;
    %jmp T_0.4;
T_0.0 ;
    %load/vec4 v000001b74acf20d0_0;
    %flag_set/vec4 8;
    %jmp/0xz  T_0.5, 8;
    %pushi/vec4 1, 0, 2;
    %store/vec4 v000001b74acf1590_0, 0, 2;
T_0.5 ;
    %jmp T_0.4;
T_0.1 ;
    %pushi/vec4 2, 0, 2;
    %store/vec4 v000001b74acf1590_0, 0, 2;
    %jmp T_0.4;
T_0.2 ;
    %load/vec4 v000001b74acf1130_0;
    %pad/u 32;
    %cmpi/e 5, 0, 32;
    %jmp/0xz  T_0.7, 4;
    %pushi/vec4 3, 0, 2;
    %store/vec4 v000001b74acf1590_0, 0, 2;
T_0.7 ;
    %jmp T_0.4;
T_0.3 ;
    %load/vec4 v000001b74acf20d0_0;
    %nor/r;
    %flag_set/vec4 8;
    %jmp/0xz  T_0.9, 8;
    %pushi/vec4 0, 0, 2;
    %store/vec4 v000001b74acf1590_0, 0, 2;
T_0.9 ;
    %jmp T_0.4;
T_0.4 ;
    %pop/vec4 1;
    %jmp T_0;
    .thread T_0, $push;
    .scope S_000001b74ac4d070;
T_1 ;
    %wait E_000001b74ac86270;
    %load/vec4 v000001b74acf1bd0_0;
    %nor/r;
    %flag_set/vec4 8;
    %jmp/0xz  T_1.0, 8;
    %pushi/vec4 0, 0, 2;
    %assign/vec4 v000001b74ace6320_0, 0;
    %pushi/vec4 0, 0, 32;
    %assign/vec4 v000001b74acf2670_0, 0;
    %pushi/vec4 0, 0, 56;
    %assign/vec4 v000001b74acf1c70_0, 0;
    %pushi/vec4 0, 0, 32;
    %assign/vec4 v000001b74acf23f0_0, 0;
    %pushi/vec4 128, 0, 32;
    %assign/vec4 v000001b74acf0f50_0, 0;
    %pushi/vec4 0, 0, 3;
    %assign/vec4 v000001b74acf1130_0, 0;
    %pushi/vec4 0, 0, 1;
    %assign/vec4 v000001b74ace63c0_0, 0;
    %jmp T_1.1;
T_1.0 ;
    %load/vec4 v000001b74acf1590_0;
    %assign/vec4 v000001b74ace6320_0, 0;
    %load/vec4 v000001b74ace6320_0;
    %dup/vec4;
    %pushi/vec4 0, 0, 2;
    %cmp/u;
    %jmp/1 T_1.2, 6;
    %dup/vec4;
    %pushi/vec4 1, 0, 2;
    %cmp/u;
    %jmp/1 T_1.3, 6;
    %dup/vec4;
    %pushi/vec4 2, 0, 2;
    %cmp/u;
    %jmp/1 T_1.4, 6;
    %dup/vec4;
    %pushi/vec4 3, 0, 2;
    %cmp/u;
    %jmp/1 T_1.5, 6;
    %jmp T_1.6;
T_1.2 ;
    %pushi/vec4 0, 0, 1;
    %assign/vec4 v000001b74ace63c0_0, 0;
    %jmp T_1.6;
T_1.3 ;
    %load/vec4 v000001b74ace6640_0;
    %assign/vec4 v000001b74acf2670_0, 0;
    %load/vec4 v000001b74ace4d40_0;
    %assign/vec4 v000001b74acf1c70_0, 0;
    %load/vec4 v000001b74ace6640_0;
    %assign/vec4 v000001b74acf23f0_0, 0;
    %pushi/vec4 0, 0, 3;
    %assign/vec4 v000001b74acf1130_0, 0;
    %jmp T_1.6;
T_1.4 ;
    %load/vec4 v000001b74acf1130_0;
    %addi 1, 0, 3;
    %assign/vec4 v000001b74acf1130_0, 0;
    %load/vec4 v000001b74ace5740_0;
    %flag_set/vec4 8;
    %jmp/0xz  T_1.7, 8;
    %load/vec4 v000001b74acf22b0_0;
    %assign/vec4 v000001b74acf1c70_0, 0;
    %load/vec4 v000001b74acf2670_0;
    %assign/vec4 v000001b74acf23f0_0, 0;
T_1.7 ;
    %load/vec4 v000001b74acf2350_0;
    %assign/vec4 v000001b74acf2670_0, 0;
    %jmp T_1.6;
T_1.5 ;
    %pushi/vec4 1, 0, 1;
    %assign/vec4 v000001b74ace63c0_0, 0;
    %jmp T_1.6;
T_1.6 ;
    %pop/vec4 1;
T_1.1 ;
    %jmp T_1;
    .thread T_1;
    .scope S_000001b74ac8d5d0;
T_2 ;
    %pushi/vec4 0, 0, 1;
    %store/vec4 v000001b74acf0d70_0, 0, 1;
T_2.0 ;
    %delay 5000, 0;
    %load/vec4 v000001b74acf0d70_0;
    %inv;
    %store/vec4 v000001b74acf0d70_0, 0, 1;
    %jmp T_2.0;
    %end;
    .thread T_2;
    .scope S_000001b74ac8d5d0;
T_3 ;
    %fork t_1, S_000001b74ac8d760;
    %jmp t_0;
    .scope S_000001b74ac8d760;
t_1 ;
    %vpi_call/w 3 59 "$dumpfile", "tb_Top.vcd" {0 0 0};
    %vpi_call/w 3 60 "$dumpvars", 32'sb00000000000000000000000000000000, S_000001b74ac8d5d0 {0 0 0};
    %pushi/vec4 0, 0, 1;
    %store/vec4 v000001b74acf07d0_0, 0, 1;
    %pushi/vec4 0, 0, 1;
    %store/vec4 v000001b74acf2490_0, 0, 1;
    %pushi/vec4 0, 0, 32;
    %store/vec4 v000001b74acf1770_0, 0, 32;
    %pushi/vec4 1073742840, 0, 32;
    %store/vec4 v000001b74acf1270_0, 0, 32;
    %vpi_call/w 3 68 "$display", "---------------------------------------------------------" {0 0 0};
    %vpi_call/w 3 69 "$display", "Starting Testbench for Fixed-Point Gradient Descent" {0 0 0};
    %pushi/real 1073741824, 4068; load=4.00000
    %pushi/real 1073741824, 4065; load=0.500000
    %vpi_call/w 3 70 "$display", "Parameters: NUM_ITERATIONS = %0d, OFFSET = %f, LEARNING_RATE = %f", P_000001b74ac82638, W<1,r>, W<0,r> {0 2 0};
    %vpi_call/w 3 72 "$display", "---------------------------------------------------------" {0 0 0};
    %delay 20000, 0;
    %pushi/vec4 1, 0, 1;
    %store/vec4 v000001b74acf07d0_0, 0, 1;
    %pushi/vec4 0, 0, 32;
    %store/vec4 v000001b74ac7cfe0_0, 0, 32;
T_3.0 ;
    %load/vec4 v000001b74ac7cfe0_0;
    %cmpi/s 10, 0, 32;
    %jmp/0xz T_3.1, 5;
    %load/vec4 v000001b74acf1270_0;
    %store/vec4 v000001b74acf1770_0, 0, 32;
    %pushi/vec4 1, 0, 1;
    %store/vec4 v000001b74acf2490_0, 0, 1;
    %delay 20000, 0;
T_3.2 ;
    %load/vec4 v000001b74acf25d0_0;
    %pushi/vec4 1, 0, 1;
    %cmp/e;
    %flag_get/vec4 4;
    %cmpi/ne 1, 0, 1;
    %jmp/0xz T_3.3, 6;
    %wait E_000001b74ac861f0;
    %jmp T_3.2;
T_3.3 ;
    %pushi/real 1717986918, 4062; load=0.100000
    %pushi/real 1677722, 4040; load=0.100000
    %add/wr;
    %vpi_func/r 3 82 "$itor", v000001b74acf13b0_0 {0 0 0};
    %pushi/real 1073741824, 4074; load=256.000
    %div/wr;
    %pushi/real 1073741824, 4068; load=4.00000
    %sub/wr;
    %vpi_func/r 3 82 "$abs", W<0,r> {0 1 0};
    %cmp/wr;
    %jmp/0xz  T_3.4, 5;
    %vpi_call/w 3 83 "$display", "___TEST BENCH FAILED___" {0 0 0};
    %vpi_func/r 3 84 "$itor", v000001b74acf1270_0 {0 0 0};
    %pushi/real 1073741824, 4074; load=256.000
    %div/wr;
    %vpi_call/w 3 84 "$display", "\012--- Test Case %0d: Initial x = %f (Q24.8) ---", v000001b74ac7cfe0_0, W<0,r> {0 1 0};
    %vpi_func/r 3 85 "$itor", v000001b74acf1270_0 {0 0 0};
    %pushi/real 1073741824, 4074; load=256.000
    %div/wr;
    %vpi_call/w 3 85 "$display", "Initial X: %f", W<0,r> {0 1 0};
    %vpi_func/r 3 86 "$itor", v000001b74acf13b0_0 {0 0 0};
    %pushi/real 1073741824, 4074; load=256.000
    %div/wr;
    %vpi_call/w 3 86 "$display", "Final X at Min: %f (0x%H)", W<0,r>, v000001b74acf13b0_0 {0 1 0};
    %vpi_func/r 3 87 "$itor", v000001b74acf2530_0 {0 0 0};
    %pushi/real 1073741824, 4074; load=256.000
    %div/wr;
    %vpi_call/w 3 87 "$display", "Min Y Value: %f (0x%H)", W<0,r>, v000001b74acf2530_0 {0 1 0};
    %vpi_call/w 3 88 "$finish" {0 0 0};
T_3.4 ;
    %pushi/vec4 0, 0, 1;
    %store/vec4 v000001b74acf2490_0, 0, 1;
    %load/vec4 v000001b74acf1270_0;
    %addi 1, 0, 32;
    %store/vec4 v000001b74acf1270_0, 0, 32;
    %delay 20000, 0;
    %load/vec4 v000001b74ac7cfe0_0;
    %addi 1, 0, 32;
    %store/vec4 v000001b74ac7cfe0_0, 0, 32;
    %jmp T_3.0;
T_3.1 ;
    %vpi_call/w 3 96 "$finish" {0 0 0};
    %end;
    .scope S_000001b74ac8d5d0;
t_0 %join;
    %end;
    .thread T_3;
# The file index is used to find the file name in the following table.
:file_names 10;
    "N/A";
    "<interactive>";
    "-";
    "tb_Top.v";
    "Top.v";
    "fixed_56_cmp.v";
    "gradient_func.v";
    "fixed_32_add_sub.v";
    "fixed_56_mult.v";
    "fixed_32_mult.v";
